Index coax_placement_x  coax_placement_y  substrate_permittivity
    0 -2.0000000000E+00 +5.0000000000E+00 +2.9000000000E+00     
    1 -2.0000000000E+00 +5.6666666667E+00 +2.9000000000E+00     
    2 -2.0000000000E+00 +6.3333333333E+00 +2.9000000000E+00     
    3 -2.0000000000E+00 +7.0000000000E+00 +2.9000000000E+00     
    4 -2.0000000000E+00 +7.6666666667E+00 +2.9000000000E+00     
    5 -2.0000000000E+00 +8.3333333333E+00 +2.9000000000E+00     
    6 -2.0000000000E+00 +9.0000000000E+00 +2.9000000000E+00     
    7 -1.3333333333E+00 +5.0000000000E+00 +2.9000000000E+00     
    8 -1.3333333333E+00 +5.6666666667E+00 +2.9000000000E+00     
    9 -1.3333333333E+00 +6.3333333333E+00 +2.9000000000E+00     
   10 -1.3333333333E+00 +7.0000000000E+00 +2.9000000000E+00     
   11 -1.3333333333E+00 +7.6666666667E+00 +2.9000000000E+00     
   12 -1.3333333333E+00 +8.3333333333E+00 +2.9000000000E+00     
   13 -1.3333333333E+00 +9.0000000000E+00 +2.9000000000E+00     
   14 -6.6666666667E-01 +5.0000000000E+00 +2.9000000000E+00     
   15 -6.6666666667E-01 +5.6666666667E+00 +2.9000000000E+00     
   16 -6.6666666667E-01 +6.3333333333E+00 +2.9000000000E+00     
   17 -6.6666666667E-01 +7.0000000000E+00 +2.9000000000E+00     
   18 -6.6666666667E-01 +7.6666666667E+00 +2.9000000000E+00     
   19 -6.6666666667E-01 +8.3333333333E+00 +2.9000000000E+00     
   20 -6.6666666667E-01 +9.0000000000E+00 +2.9000000000E+00     
   21 +0.0000000000E+00 +5.0000000000E+00 +2.9000000000E+00     
   22 +0.0000000000E+00 +5.6666666667E+00 +2.9000000000E+00     
   23 +0.0000000000E+00 +6.3333333333E+00 +2.9000000000E+00     
   24 +0.0000000000E+00 +7.0000000000E+00 +2.9000000000E+00     
   25 +0.0000000000E+00 +7.6666666667E+00 +2.9000000000E+00     
   26 +0.0000000000E+00 +8.3333333333E+00 +2.9000000000E+00     
   27 +0.0000000000E+00 +9.0000000000E+00 +2.9000000000E+00     
   28 +6.6666666667E-01 +5.0000000000E+00 +2.9000000000E+00     
   29 +6.6666666667E-01 +5.6666666667E+00 +2.9000000000E+00     
   30 +6.6666666667E-01 +6.3333333333E+00 +2.9000000000E+00     
   31 +6.6666666667E-01 +7.0000000000E+00 +2.9000000000E+00     
   32 +6.6666666667E-01 +7.6666666667E+00 +2.9000000000E+00     
   33 +6.6666666667E-01 +8.3333333333E+00 +2.9000000000E+00     
   34 +6.6666666667E-01 +9.0000000000E+00 +2.9000000000E+00     
   35 +1.3333333333E+00 +5.0000000000E+00 +2.9000000000E+00     
   36 +1.3333333333E+00 +5.6666666667E+00 +2.9000000000E+00     
   37 +1.3333333333E+00 +6.3333333333E+00 +2.9000000000E+00     
   38 +1.3333333333E+00 +7.0000000000E+00 +2.9000000000E+00     
   39 +1.3333333333E+00 +7.6666666667E+00 +2.9000000000E+00     
   40 +1.3333333333E+00 +8.3333333333E+00 +2.9000000000E+00     
   41 +1.3333333333E+00 +9.0000000000E+00 +2.9000000000E+00     
   42 +2.0000000000E+00 +5.0000000000E+00 +2.9000000000E+00     
   43 +2.0000000000E+00 +5.6666666667E+00 +2.9000000000E+00     
   44 +2.0000000000E+00 +6.3333333333E+00 +2.9000000000E+00     
   45 +2.0000000000E+00 +7.0000000000E+00 +2.9000000000E+00     
   46 +2.0000000000E+00 +7.6666666667E+00 +2.9000000000E+00     
   47 +2.0000000000E+00 +8.3333333333E+00 +2.9000000000E+00     
   48 +2.0000000000E+00 +9.0000000000E+00 +2.9000000000E+00     
   49 -2.0000000000E+00 +5.0000000000E+00 +2.9333333333E+00     
   50 -2.0000000000E+00 +5.6666666667E+00 +2.9333333333E+00     
   51 -2.0000000000E+00 +6.3333333333E+00 +2.9333333333E+00     
   52 -2.0000000000E+00 +7.0000000000E+00 +2.9333333333E+00     
   53 -2.0000000000E+00 +7.6666666667E+00 +2.9333333333E+00     
   54 -2.0000000000E+00 +8.3333333333E+00 +2.9333333333E+00     
   55 -2.0000000000E+00 +9.0000000000E+00 +2.9333333333E+00     
   56 -1.3333333333E+00 +5.0000000000E+00 +2.9333333333E+00     
   57 -1.3333333333E+00 +5.6666666667E+00 +2.9333333333E+00     
   58 -1.3333333333E+00 +6.3333333333E+00 +2.9333333333E+00     
   59 -1.3333333333E+00 +7.0000000000E+00 +2.9333333333E+00     
   60 -1.3333333333E+00 +7.6666666667E+00 +2.9333333333E+00     
   61 -1.3333333333E+00 +8.3333333333E+00 +2.9333333333E+00     
   62 -1.3333333333E+00 +9.0000000000E+00 +2.9333333333E+00     
   63 -6.6666666667E-01 +5.0000000000E+00 +2.9333333333E+00     
   64 -6.6666666667E-01 +5.6666666667E+00 +2.9333333333E+00     
   65 -6.6666666667E-01 +6.3333333333E+00 +2.9333333333E+00     
   66 -6.6666666667E-01 +7.0000000000E+00 +2.9333333333E+00     
   67 -6.6666666667E-01 +7.6666666667E+00 +2.9333333333E+00     
   68 -6.6666666667E-01 +8.3333333333E+00 +2.9333333333E+00     
   69 -6.6666666667E-01 +9.0000000000E+00 +2.9333333333E+00     
   70 +0.0000000000E+00 +5.0000000000E+00 +2.9333333333E+00     
   71 +0.0000000000E+00 +5.6666666667E+00 +2.9333333333E+00     
   72 +0.0000000000E+00 +6.3333333333E+00 +2.9333333333E+00     
   73 +0.0000000000E+00 +7.0000000000E+00 +2.9333333333E+00     
   74 +0.0000000000E+00 +7.6666666667E+00 +2.9333333333E+00     
   75 +0.0000000000E+00 +8.3333333333E+00 +2.9333333333E+00     
   76 +0.0000000000E+00 +9.0000000000E+00 +2.9333333333E+00     
   77 +6.6666666667E-01 +5.0000000000E+00 +2.9333333333E+00     
   78 +6.6666666667E-01 +5.6666666667E+00 +2.9333333333E+00     
   79 +6.6666666667E-01 +6.3333333333E+00 +2.9333333333E+00     
   80 +6.6666666667E-01 +7.0000000000E+00 +2.9333333333E+00     
   81 +6.6666666667E-01 +7.6666666667E+00 +2.9333333333E+00     
   82 +6.6666666667E-01 +8.3333333333E+00 +2.9333333333E+00     
   83 +6.6666666667E-01 +9.0000000000E+00 +2.9333333333E+00     
   84 +1.3333333333E+00 +5.0000000000E+00 +2.9333333333E+00     
   85 +1.3333333333E+00 +5.6666666667E+00 +2.9333333333E+00     
   86 +1.3333333333E+00 +6.3333333333E+00 +2.9333333333E+00     
   87 +1.3333333333E+00 +7.0000000000E+00 +2.9333333333E+00     
   88 +1.3333333333E+00 +7.6666666667E+00 +2.9333333333E+00     
   89 +1.3333333333E+00 +8.3333333333E+00 +2.9333333333E+00     
   90 +1.3333333333E+00 +9.0000000000E+00 +2.9333333333E+00     
   91 +2.0000000000E+00 +5.0000000000E+00 +2.9333333333E+00     
   92 +2.0000000000E+00 +5.6666666667E+00 +2.9333333333E+00     
   93 +2.0000000000E+00 +6.3333333333E+00 +2.9333333333E+00     
   94 +2.0000000000E+00 +7.0000000000E+00 +2.9333333333E+00     
   95 +2.0000000000E+00 +7.6666666667E+00 +2.9333333333E+00     
   96 +2.0000000000E+00 +8.3333333333E+00 +2.9333333333E+00     
   97 +2.0000000000E+00 +9.0000000000E+00 +2.9333333333E+00     
   98 -2.0000000000E+00 +5.0000000000E+00 +2.9666666667E+00     
   99 -2.0000000000E+00 +5.6666666667E+00 +2.9666666667E+00     
  100 -2.0000000000E+00 +6.3333333333E+00 +2.9666666667E+00     
  101 -2.0000000000E+00 +7.0000000000E+00 +2.9666666667E+00     
  102 -2.0000000000E+00 +7.6666666667E+00 +2.9666666667E+00     
  103 -2.0000000000E+00 +8.3333333333E+00 +2.9666666667E+00     
  104 -2.0000000000E+00 +9.0000000000E+00 +2.9666666667E+00     
  105 -1.3333333333E+00 +5.0000000000E+00 +2.9666666667E+00     
  106 -1.3333333333E+00 +5.6666666667E+00 +2.9666666667E+00     
  107 -1.3333333333E+00 +6.3333333333E+00 +2.9666666667E+00     
  108 -1.3333333333E+00 +7.0000000000E+00 +2.9666666667E+00     
  109 -1.3333333333E+00 +7.6666666667E+00 +2.9666666667E+00     
  110 -1.3333333333E+00 +8.3333333333E+00 +2.9666666667E+00     
  111 -1.3333333333E+00 +9.0000000000E+00 +2.9666666667E+00     
  112 -6.6666666667E-01 +5.0000000000E+00 +2.9666666667E+00     
  113 -6.6666666667E-01 +5.6666666667E+00 +2.9666666667E+00     
  114 -6.6666666667E-01 +6.3333333333E+00 +2.9666666667E+00     
  115 -6.6666666667E-01 +7.0000000000E+00 +2.9666666667E+00     
  116 -6.6666666667E-01 +7.6666666667E+00 +2.9666666667E+00     
  117 -6.6666666667E-01 +8.3333333333E+00 +2.9666666667E+00     
  118 -6.6666666667E-01 +9.0000000000E+00 +2.9666666667E+00     
  119 +0.0000000000E+00 +5.0000000000E+00 +2.9666666667E+00     
  120 +0.0000000000E+00 +5.6666666667E+00 +2.9666666667E+00     
  121 +0.0000000000E+00 +6.3333333333E+00 +2.9666666667E+00     
  122 +0.0000000000E+00 +7.0000000000E+00 +2.9666666667E+00     
  123 +0.0000000000E+00 +7.6666666667E+00 +2.9666666667E+00     
  124 +0.0000000000E+00 +8.3333333333E+00 +2.9666666667E+00     
  125 +0.0000000000E+00 +9.0000000000E+00 +2.9666666667E+00     
  126 +6.6666666667E-01 +5.0000000000E+00 +2.9666666667E+00     
  127 +6.6666666667E-01 +5.6666666667E+00 +2.9666666667E+00     
  128 +6.6666666667E-01 +6.3333333333E+00 +2.9666666667E+00     
  129 +6.6666666667E-01 +7.0000000000E+00 +2.9666666667E+00     
  130 +6.6666666667E-01 +7.6666666667E+00 +2.9666666667E+00     
  131 +6.6666666667E-01 +8.3333333333E+00 +2.9666666667E+00     
  132 +6.6666666667E-01 +9.0000000000E+00 +2.9666666667E+00     
  133 +1.3333333333E+00 +5.0000000000E+00 +2.9666666667E+00     
  134 +1.3333333333E+00 +5.6666666667E+00 +2.9666666667E+00     
  135 +1.3333333333E+00 +6.3333333333E+00 +2.9666666667E+00     
  136 +1.3333333333E+00 +7.0000000000E+00 +2.9666666667E+00     
  137 +1.3333333333E+00 +7.6666666667E+00 +2.9666666667E+00     
  138 +1.3333333333E+00 +8.3333333333E+00 +2.9666666667E+00     
  139 +1.3333333333E+00 +9.0000000000E+00 +2.9666666667E+00     
  140 +2.0000000000E+00 +5.0000000000E+00 +2.9666666667E+00     
  141 +2.0000000000E+00 +5.6666666667E+00 +2.9666666667E+00     
  142 +2.0000000000E+00 +6.3333333333E+00 +2.9666666667E+00     
  143 +2.0000000000E+00 +7.0000000000E+00 +2.9666666667E+00     
  144 +2.0000000000E+00 +7.6666666667E+00 +2.9666666667E+00     
  145 +2.0000000000E+00 +8.3333333333E+00 +2.9666666667E+00     
  146 +2.0000000000E+00 +9.0000000000E+00 +2.9666666667E+00     
  147 -2.0000000000E+00 +5.0000000000E+00 +3.0000000000E+00     
  148 -2.0000000000E+00 +5.6666666667E+00 +3.0000000000E+00     
  149 -2.0000000000E+00 +6.3333333333E+00 +3.0000000000E+00     
  150 -2.0000000000E+00 +7.0000000000E+00 +3.0000000000E+00     
  151 -2.0000000000E+00 +7.6666666667E+00 +3.0000000000E+00     
  152 -2.0000000000E+00 +8.3333333333E+00 +3.0000000000E+00     
  153 -2.0000000000E+00 +9.0000000000E+00 +3.0000000000E+00     
  154 -1.3333333333E+00 +5.0000000000E+00 +3.0000000000E+00     
  155 -1.3333333333E+00 +5.6666666667E+00 +3.0000000000E+00     
  156 -1.3333333333E+00 +6.3333333333E+00 +3.0000000000E+00     
  157 -1.3333333333E+00 +7.0000000000E+00 +3.0000000000E+00     
  158 -1.3333333333E+00 +7.6666666667E+00 +3.0000000000E+00     
  159 -1.3333333333E+00 +8.3333333333E+00 +3.0000000000E+00     
  160 -1.3333333333E+00 +9.0000000000E+00 +3.0000000000E+00     
  161 -6.6666666667E-01 +5.0000000000E+00 +3.0000000000E+00     
  162 -6.6666666667E-01 +5.6666666667E+00 +3.0000000000E+00     
  163 -6.6666666667E-01 +6.3333333333E+00 +3.0000000000E+00     
  164 -6.6666666667E-01 +7.0000000000E+00 +3.0000000000E+00     
  165 -6.6666666667E-01 +7.6666666667E+00 +3.0000000000E+00     
  166 -6.6666666667E-01 +8.3333333333E+00 +3.0000000000E+00     
  167 -6.6666666667E-01 +9.0000000000E+00 +3.0000000000E+00     
  168 +0.0000000000E+00 +5.0000000000E+00 +3.0000000000E+00     
  169 +0.0000000000E+00 +5.6666666667E+00 +3.0000000000E+00     
  170 +0.0000000000E+00 +6.3333333333E+00 +3.0000000000E+00     
  171 +0.0000000000E+00 +7.0000000000E+00 +3.0000000000E+00     
  172 +0.0000000000E+00 +7.6666666667E+00 +3.0000000000E+00     
  173 +0.0000000000E+00 +8.3333333333E+00 +3.0000000000E+00     
  174 +0.0000000000E+00 +9.0000000000E+00 +3.0000000000E+00     
  175 +6.6666666667E-01 +5.0000000000E+00 +3.0000000000E+00     
  176 +6.6666666667E-01 +5.6666666667E+00 +3.0000000000E+00     
  177 +6.6666666667E-01 +6.3333333333E+00 +3.0000000000E+00     
  178 +6.6666666667E-01 +7.0000000000E+00 +3.0000000000E+00     
  179 +6.6666666667E-01 +7.6666666667E+00 +3.0000000000E+00     
  180 +6.6666666667E-01 +8.3333333333E+00 +3.0000000000E+00     
  181 +6.6666666667E-01 +9.0000000000E+00 +3.0000000000E+00     
  182 +1.3333333333E+00 +5.0000000000E+00 +3.0000000000E+00     
  183 +1.3333333333E+00 +5.6666666667E+00 +3.0000000000E+00     
  184 +1.3333333333E+00 +6.3333333333E+00 +3.0000000000E+00     
  185 +1.3333333333E+00 +7.0000000000E+00 +3.0000000000E+00     
  186 +1.3333333333E+00 +7.6666666667E+00 +3.0000000000E+00     
  187 +1.3333333333E+00 +8.3333333333E+00 +3.0000000000E+00     
  188 +1.3333333333E+00 +9.0000000000E+00 +3.0000000000E+00     
  189 +2.0000000000E+00 +5.0000000000E+00 +3.0000000000E+00     
  190 +2.0000000000E+00 +5.6666666667E+00 +3.0000000000E+00     
  191 +2.0000000000E+00 +6.3333333333E+00 +3.0000000000E+00     
  192 +2.0000000000E+00 +7.0000000000E+00 +3.0000000000E+00     
  193 +2.0000000000E+00 +7.6666666667E+00 +3.0000000000E+00     
  194 +2.0000000000E+00 +8.3333333333E+00 +3.0000000000E+00     
  195 +2.0000000000E+00 +9.0000000000E+00 +3.0000000000E+00     
  196 -2.0000000000E+00 +5.0000000000E+00 +3.0333333333E+00     
  197 -2.0000000000E+00 +5.6666666667E+00 +3.0333333333E+00     
  198 -2.0000000000E+00 +6.3333333333E+00 +3.0333333333E+00     
  199 -2.0000000000E+00 +7.0000000000E+00 +3.0333333333E+00     
  200 -2.0000000000E+00 +7.6666666667E+00 +3.0333333333E+00     
  201 -2.0000000000E+00 +8.3333333333E+00 +3.0333333333E+00     
  202 -2.0000000000E+00 +9.0000000000E+00 +3.0333333333E+00     
  203 -1.3333333333E+00 +5.0000000000E+00 +3.0333333333E+00     
  204 -1.3333333333E+00 +5.6666666667E+00 +3.0333333333E+00     
  205 -1.3333333333E+00 +6.3333333333E+00 +3.0333333333E+00     
  206 -1.3333333333E+00 +7.0000000000E+00 +3.0333333333E+00     
  207 -1.3333333333E+00 +7.6666666667E+00 +3.0333333333E+00     
  208 -1.3333333333E+00 +8.3333333333E+00 +3.0333333333E+00     
  209 -1.3333333333E+00 +9.0000000000E+00 +3.0333333333E+00     
  210 -6.6666666667E-01 +5.0000000000E+00 +3.0333333333E+00     
  211 -6.6666666667E-01 +5.6666666667E+00 +3.0333333333E+00     
  212 -6.6666666667E-01 +6.3333333333E+00 +3.0333333333E+00     
  213 -6.6666666667E-01 +7.0000000000E+00 +3.0333333333E+00     
  214 -6.6666666667E-01 +7.6666666667E+00 +3.0333333333E+00     
  215 -6.6666666667E-01 +8.3333333333E+00 +3.0333333333E+00     
  216 -6.6666666667E-01 +9.0000000000E+00 +3.0333333333E+00     
  217 +0.0000000000E+00 +5.0000000000E+00 +3.0333333333E+00     
  218 +0.0000000000E+00 +5.6666666667E+00 +3.0333333333E+00     
  219 +0.0000000000E+00 +6.3333333333E+00 +3.0333333333E+00     
  220 +0.0000000000E+00 +7.0000000000E+00 +3.0333333333E+00     
  221 +0.0000000000E+00 +7.6666666667E+00 +3.0333333333E+00     
  222 +0.0000000000E+00 +8.3333333333E+00 +3.0333333333E+00     
  223 +0.0000000000E+00 +9.0000000000E+00 +3.0333333333E+00     
  224 +6.6666666667E-01 +5.0000000000E+00 +3.0333333333E+00     
  225 +6.6666666667E-01 +5.6666666667E+00 +3.0333333333E+00     
  226 +6.6666666667E-01 +6.3333333333E+00 +3.0333333333E+00     
  227 +6.6666666667E-01 +7.0000000000E+00 +3.0333333333E+00     
  228 +6.6666666667E-01 +7.6666666667E+00 +3.0333333333E+00     
  229 +6.6666666667E-01 +8.3333333333E+00 +3.0333333333E+00     
  230 +6.6666666667E-01 +9.0000000000E+00 +3.0333333333E+00     
  231 +1.3333333333E+00 +5.0000000000E+00 +3.0333333333E+00     
  232 +1.3333333333E+00 +5.6666666667E+00 +3.0333333333E+00     
  233 +1.3333333333E+00 +6.3333333333E+00 +3.0333333333E+00     
  234 +1.3333333333E+00 +7.0000000000E+00 +3.0333333333E+00     
  235 +1.3333333333E+00 +7.6666666667E+00 +3.0333333333E+00     
  236 +1.3333333333E+00 +8.3333333333E+00 +3.0333333333E+00     
  237 +1.3333333333E+00 +9.0000000000E+00 +3.0333333333E+00     
  238 +2.0000000000E+00 +5.0000000000E+00 +3.0333333333E+00     
  239 +2.0000000000E+00 +5.6666666667E+00 +3.0333333333E+00     
  240 +2.0000000000E+00 +6.3333333333E+00 +3.0333333333E+00     
  241 +2.0000000000E+00 +7.0000000000E+00 +3.0333333333E+00     
  242 +2.0000000000E+00 +7.6666666667E+00 +3.0333333333E+00     
  243 +2.0000000000E+00 +8.3333333333E+00 +3.0333333333E+00     
  244 +2.0000000000E+00 +9.0000000000E+00 +3.0333333333E+00     
  245 -2.0000000000E+00 +5.0000000000E+00 +3.0666666667E+00     
  246 -2.0000000000E+00 +5.6666666667E+00 +3.0666666667E+00     
  247 -2.0000000000E+00 +6.3333333333E+00 +3.0666666667E+00     
  248 -2.0000000000E+00 +7.0000000000E+00 +3.0666666667E+00     
  249 -2.0000000000E+00 +7.6666666667E+00 +3.0666666667E+00     
  250 -2.0000000000E+00 +8.3333333333E+00 +3.0666666667E+00     
  251 -2.0000000000E+00 +9.0000000000E+00 +3.0666666667E+00     
  252 -1.3333333333E+00 +5.0000000000E+00 +3.0666666667E+00     
  253 -1.3333333333E+00 +5.6666666667E+00 +3.0666666667E+00     
  254 -1.3333333333E+00 +6.3333333333E+00 +3.0666666667E+00     
  255 -1.3333333333E+00 +7.0000000000E+00 +3.0666666667E+00     
  256 -1.3333333333E+00 +7.6666666667E+00 +3.0666666667E+00     
  257 -1.3333333333E+00 +8.3333333333E+00 +3.0666666667E+00     
  258 -1.3333333333E+00 +9.0000000000E+00 +3.0666666667E+00     
  259 -6.6666666667E-01 +5.0000000000E+00 +3.0666666667E+00     
  260 -6.6666666667E-01 +5.6666666667E+00 +3.0666666667E+00     
  261 -6.6666666667E-01 +6.3333333333E+00 +3.0666666667E+00     
  262 -6.6666666667E-01 +7.0000000000E+00 +3.0666666667E+00     
  263 -6.6666666667E-01 +7.6666666667E+00 +3.0666666667E+00     
  264 -6.6666666667E-01 +8.3333333333E+00 +3.0666666667E+00     
  265 -6.6666666667E-01 +9.0000000000E+00 +3.0666666667E+00     
  266 +0.0000000000E+00 +5.0000000000E+00 +3.0666666667E+00     
  267 +0.0000000000E+00 +5.6666666667E+00 +3.0666666667E+00     
  268 +0.0000000000E+00 +6.3333333333E+00 +3.0666666667E+00     
  269 +0.0000000000E+00 +7.0000000000E+00 +3.0666666667E+00     
  270 +0.0000000000E+00 +7.6666666667E+00 +3.0666666667E+00     
  271 +0.0000000000E+00 +8.3333333333E+00 +3.0666666667E+00     
  272 +0.0000000000E+00 +9.0000000000E+00 +3.0666666667E+00     
  273 +6.6666666667E-01 +5.0000000000E+00 +3.0666666667E+00     
  274 +6.6666666667E-01 +5.6666666667E+00 +3.0666666667E+00     
  275 +6.6666666667E-01 +6.3333333333E+00 +3.0666666667E+00     
  276 +6.6666666667E-01 +7.0000000000E+00 +3.0666666667E+00     
  277 +6.6666666667E-01 +7.6666666667E+00 +3.0666666667E+00     
  278 +6.6666666667E-01 +8.3333333333E+00 +3.0666666667E+00     
  279 +6.6666666667E-01 +9.0000000000E+00 +3.0666666667E+00     
  280 +1.3333333333E+00 +5.0000000000E+00 +3.0666666667E+00     
  281 +1.3333333333E+00 +5.6666666667E+00 +3.0666666667E+00     
  282 +1.3333333333E+00 +6.3333333333E+00 +3.0666666667E+00     
  283 +1.3333333333E+00 +7.0000000000E+00 +3.0666666667E+00     
  284 +1.3333333333E+00 +7.6666666667E+00 +3.0666666667E+00     
  285 +1.3333333333E+00 +8.3333333333E+00 +3.0666666667E+00     
  286 +1.3333333333E+00 +9.0000000000E+00 +3.0666666667E+00     
  287 +2.0000000000E+00 +5.0000000000E+00 +3.0666666667E+00     
  288 +2.0000000000E+00 +5.6666666667E+00 +3.0666666667E+00     
  289 +2.0000000000E+00 +6.3333333333E+00 +3.0666666667E+00     
  290 +2.0000000000E+00 +7.0000000000E+00 +3.0666666667E+00     
  291 +2.0000000000E+00 +7.6666666667E+00 +3.0666666667E+00     
  292 +2.0000000000E+00 +8.3333333333E+00 +3.0666666667E+00     
  293 +2.0000000000E+00 +9.0000000000E+00 +3.0666666667E+00     
  294 -2.0000000000E+00 +5.0000000000E+00 +3.1000000000E+00     
  295 -2.0000000000E+00 +5.6666666667E+00 +3.1000000000E+00     
  296 -2.0000000000E+00 +6.3333333333E+00 +3.1000000000E+00     
  297 -2.0000000000E+00 +7.0000000000E+00 +3.1000000000E+00     
  298 -2.0000000000E+00 +7.6666666667E+00 +3.1000000000E+00     
  299 -2.0000000000E+00 +8.3333333333E+00 +3.1000000000E+00     
  300 -2.0000000000E+00 +9.0000000000E+00 +3.1000000000E+00     
  301 -1.3333333333E+00 +5.0000000000E+00 +3.1000000000E+00     
  302 -1.3333333333E+00 +5.6666666667E+00 +3.1000000000E+00     
  303 -1.3333333333E+00 +6.3333333333E+00 +3.1000000000E+00     
  304 -1.3333333333E+00 +7.0000000000E+00 +3.1000000000E+00     
  305 -1.3333333333E+00 +7.6666666667E+00 +3.1000000000E+00     
  306 -1.3333333333E+00 +8.3333333333E+00 +3.1000000000E+00     
  307 -1.3333333333E+00 +9.0000000000E+00 +3.1000000000E+00     
  308 -6.6666666667E-01 +5.0000000000E+00 +3.1000000000E+00     
  309 -6.6666666667E-01 +5.6666666667E+00 +3.1000000000E+00     
  310 -6.6666666667E-01 +6.3333333333E+00 +3.1000000000E+00     
  311 -6.6666666667E-01 +7.0000000000E+00 +3.1000000000E+00     
  312 -6.6666666667E-01 +7.6666666667E+00 +3.1000000000E+00     
  313 -6.6666666667E-01 +8.3333333333E+00 +3.1000000000E+00     
  314 -6.6666666667E-01 +9.0000000000E+00 +3.1000000000E+00     
  315 +0.0000000000E+00 +5.0000000000E+00 +3.1000000000E+00     
  316 +0.0000000000E+00 +5.6666666667E+00 +3.1000000000E+00     
  317 +0.0000000000E+00 +6.3333333333E+00 +3.1000000000E+00     
  318 +0.0000000000E+00 +7.0000000000E+00 +3.1000000000E+00     
  319 +0.0000000000E+00 +7.6666666667E+00 +3.1000000000E+00     
  320 +0.0000000000E+00 +8.3333333333E+00 +3.1000000000E+00     
  321 +0.0000000000E+00 +9.0000000000E+00 +3.1000000000E+00     
  322 +6.6666666667E-01 +5.0000000000E+00 +3.1000000000E+00     
  323 +6.6666666667E-01 +5.6666666667E+00 +3.1000000000E+00     
  324 +6.6666666667E-01 +6.3333333333E+00 +3.1000000000E+00     
  325 +6.6666666667E-01 +7.0000000000E+00 +3.1000000000E+00     
  326 +6.6666666667E-01 +7.6666666667E+00 +3.1000000000E+00     
  327 +6.6666666667E-01 +8.3333333333E+00 +3.1000000000E+00     
  328 +6.6666666667E-01 +9.0000000000E+00 +3.1000000000E+00     
  329 +1.3333333333E+00 +5.0000000000E+00 +3.1000000000E+00     
  330 +1.3333333333E+00 +5.6666666667E+00 +3.1000000000E+00     
  331 +1.3333333333E+00 +6.3333333333E+00 +3.1000000000E+00     
  332 +1.3333333333E+00 +7.0000000000E+00 +3.1000000000E+00     
  333 +1.3333333333E+00 +7.6666666667E+00 +3.1000000000E+00     
  334 +1.3333333333E+00 +8.3333333333E+00 +3.1000000000E+00     
  335 +1.3333333333E+00 +9.0000000000E+00 +3.1000000000E+00     
  336 +2.0000000000E+00 +5.0000000000E+00 +3.1000000000E+00     
  337 +2.0000000000E+00 +5.6666666667E+00 +3.1000000000E+00     
  338 +2.0000000000E+00 +6.3333333333E+00 +3.1000000000E+00     
  339 +2.0000000000E+00 +7.0000000000E+00 +3.1000000000E+00     
  340 +2.0000000000E+00 +7.6666666667E+00 +3.1000000000E+00     
  341 +2.0000000000E+00 +8.3333333333E+00 +3.1000000000E+00     
  342 +2.0000000000E+00 +9.0000000000E+00 +3.1000000000E+00     
