 Program started at 11:39:47 on  7 June 2022
 
 TICRA Tools 22.0 (Linux amd64/em64t 64-bit)
 
 TICRA Tools found  16 CPU threads
 
TICRA-TOOLS>FILES READ ALL /home/sa/Documents/ML_horn_case/ML_horn_case.tor
TICRA-TOOLS>COMMAND OBJECT eps_r set ( value : -0.5, class : real_variable)
 ----- TASK No. 1 -----     Started at 11:39:47 on June  7, 2022                 
TICRA-TOOLS>COMMAND OBJECT loss_t set ( value : 0.2, class : real_variable)
 ----- TASK No. 2 -----     Started at 11:39:47 on June  7, 2022                 
TICRA-TOOLS>COMMAND OBJECT pattern_cut set ( file_name : cut_files/0.cut, class : pattern_cut)
 ----- TASK No. 3 -----     Started at 11:39:47 on June  7, 2022                 
TICRA-TOOLS>COMMAND OBJECT pattern_cut get_field ( source : sequence(ref(radiating_horn)))
 ----- TASK No. 4 -----     Started at 11:39:47 on June  7, 2022                 
 Total task time:  6.27 sec               
TICRA-TOOLS>COMMAND OBJECT eps_r set ( value : -0.4797979797979798, class : real_variable)
 ----- TASK No. 5 -----     Started at 11:39:53 on June  7, 2022                 
TICRA-TOOLS>COMMAND OBJECT loss_t set ( value : 0.2, class : real_variable)
 ----- TASK No. 6 -----     Started at 11:39:53 on June  7, 2022                 
TICRA-TOOLS>COMMAND OBJECT pattern_cut set ( file_name : cut_files/1.cut, class : pattern_cut)
 ----- TASK No. 7 -----     Started at 11:39:53 on June  7, 2022                 
TICRA-TOOLS>COMMAND OBJECT pattern_cut get_field ( source : sequence(ref(radiating_horn)))
 ----- TASK No. 8 -----     Started at 11:39:53 on June  7, 2022                 
 Total task time:  6.09 sec               
TICRA-TOOLS>COMMAND OBJECT eps_r set ( value : -0.4595959595959596, class : real_variable)
 ----- TASK No. 9 -----     Started at 11:39:59 on June  7, 2022                 
TICRA-TOOLS>COMMAND OBJECT loss_t set ( value : 0.2, class : real_variable)
 ----- TASK No. 10 -----     Started at 11:39:59 on June  7, 2022                
TICRA-TOOLS>COMMAND OBJECT pattern_cut set ( file_name : cut_files/2.cut, class : pattern_cut)
 ----- TASK No. 11 -----     Started at 11:39:59 on June  7, 2022                
TICRA-TOOLS>COMMAND OBJECT pattern_cut get_field ( source : sequence(ref(radiating_horn)))
 ----- TASK No. 12 -----     Started at 11:39:59 on June  7, 2022                
 Total task time:  5.98 sec               
TICRA-TOOLS>COMMAND OBJECT eps_r set ( value : -0.4393939393939394, class : real_variable)
 ----- TASK No. 13 -----     Started at 11:40:05 on June  7, 2022                
TICRA-TOOLS>COMMAND OBJECT loss_t set ( value : 0.2, class : real_variable)
 ----- TASK No. 14 -----     Started at 11:40:05 on June  7, 2022                
TICRA-TOOLS>COMMAND OBJECT pattern_cut set ( file_name : cut_files/3.cut, class : pattern_cut)
 ----- TASK No. 15 -----     Started at 11:40:05 on June  7, 2022                
TICRA-TOOLS>COMMAND OBJECT pattern_cut get_field ( source : sequence(ref(radiating_horn)))
 ----- TASK No. 16 -----     Started at 11:40:05 on June  7, 2022                
 Total task time:  6.05 sec               
TICRA-TOOLS>COMMAND OBJECT eps_r set ( value : -0.41919191919191917, class : real_variable)
 ----- TASK No. 17 -----     Started at 11:40:11 on June  7, 2022                
TICRA-TOOLS>COMMAND OBJECT loss_t set ( value : 0.2, class : real_variable)
 ----- TASK No. 18 -----     Started at 11:40:11 on June  7, 2022                
TICRA-TOOLS>COMMAND OBJECT pattern_cut set ( file_name : cut_files/4.cut, class : pattern_cut)
 ----- TASK No. 19 -----     Started at 11:40:11 on June  7, 2022                
TICRA-TOOLS>COMMAND OBJECT pattern_cut get_field ( source : sequence(ref(radiating_horn)))
 ----- TASK No. 20 -----     Started at 11:40:11 on June  7, 2022                
 Total task time:  6.10 sec               
TICRA-TOOLS>COMMAND OBJECT eps_r set ( value : -0.398989898989899, class : real_variable)
 ----- TASK No. 21 -----     Started at 11:40:17 on June  7, 2022                
TICRA-TOOLS>COMMAND OBJECT loss_t set ( value : 0.2, class : real_variable)
 ----- TASK No. 22 -----     Started at 11:40:17 on June  7, 2022                
TICRA-TOOLS>COMMAND OBJECT pattern_cut set ( file_name : cut_files/5.cut, class : pattern_cut)
 ----- TASK No. 23 -----     Started at 11:40:17 on June  7, 2022                
TICRA-TOOLS>COMMAND OBJECT pattern_cut get_field ( source : sequence(ref(radiating_horn)))
 ----- TASK No. 24 -----     Started at 11:40:17 on June  7, 2022                
 Total task time:  6.21 sec               
TICRA-TOOLS>COMMAND OBJECT eps_r set ( value : -0.3787878787878788, class : real_variable)
 ----- TASK No. 25 -----     Started at 11:40:24 on June  7, 2022                
TICRA-TOOLS>COMMAND OBJECT loss_t set ( value : 0.2, class : real_variable)
 ----- TASK No. 26 -----     Started at 11:40:24 on June  7, 2022                
TICRA-TOOLS>COMMAND OBJECT pattern_cut set ( file_name : cut_files/6.cut, class : pattern_cut)
 ----- TASK No. 27 -----     Started at 11:40:24 on June  7, 2022                
TICRA-TOOLS>COMMAND OBJECT pattern_cut get_field ( source : sequence(ref(radiating_horn)))
 ----- TASK No. 28 -----     Started at 11:40:24 on June  7, 2022                
 Total task time:  6.07 sec               
TICRA-TOOLS>COMMAND OBJECT eps_r set ( value : -0.35858585858585856, class : real_variable)
 ----- TASK No. 29 -----     Started at 11:40:30 on June  7, 2022                
TICRA-TOOLS>COMMAND OBJECT loss_t set ( value : 0.2, class : real_variable)
 ----- TASK No. 30 -----     Started at 11:40:30 on June  7, 2022                
TICRA-TOOLS>COMMAND OBJECT pattern_cut set ( file_name : cut_files/7.cut, class : pattern_cut)
 ----- TASK No. 31 -----     Started at 11:40:30 on June  7, 2022                
TICRA-TOOLS>COMMAND OBJECT pattern_cut get_field ( source : sequence(ref(radiating_horn)))
 ----- TASK No. 32 -----     Started at 11:40:30 on June  7, 2022                
 Total task time:  6.17 sec               
TICRA-TOOLS>COMMAND OBJECT eps_r set ( value : -0.33838383838383834, class : real_variable)
 ----- TASK No. 33 -----     Started at 11:40:36 on June  7, 2022                
TICRA-TOOLS>COMMAND OBJECT loss_t set ( value : 0.2, class : real_variable)
 ----- TASK No. 34 -----     Started at 11:40:36 on June  7, 2022                
TICRA-TOOLS>COMMAND OBJECT pattern_cut set ( file_name : cut_files/8.cut, class : pattern_cut)
 ----- TASK No. 35 -----     Started at 11:40:36 on June  7, 2022                
TICRA-TOOLS>COMMAND OBJECT pattern_cut get_field ( source : sequence(ref(radiating_horn)))
 ----- TASK No. 36 -----     Started at 11:40:36 on June  7, 2022                
 Total task time:  6.25 sec               
TICRA-TOOLS>COMMAND OBJECT eps_r set ( value : -0.3181818181818182, class : real_variable)
 ----- TASK No. 37 -----     Started at 11:40:42 on June  7, 2022                
TICRA-TOOLS>COMMAND OBJECT loss_t set ( value : 0.2, class : real_variable)
 ----- TASK No. 38 -----     Started at 11:40:42 on June  7, 2022                
TICRA-TOOLS>COMMAND OBJECT pattern_cut set ( file_name : cut_files/9.cut, class : pattern_cut)
 ----- TASK No. 39 -----     Started at 11:40:42 on June  7, 2022                
TICRA-TOOLS>COMMAND OBJECT pattern_cut get_field ( source : sequence(ref(radiating_horn)))
 ----- TASK No. 40 -----     Started at 11:40:42 on June  7, 2022                
 Total task time:  6.15 sec               
TICRA-TOOLS>COMMAND OBJECT eps_r set ( value : -0.29797979797979796, class : real_variable)
 ----- TASK No. 41 -----     Started at 11:40:48 on June  7, 2022                
TICRA-TOOLS>COMMAND OBJECT loss_t set ( value : 0.2, class : real_variable)
 ----- TASK No. 42 -----     Started at 11:40:48 on June  7, 2022                
TICRA-TOOLS>COMMAND OBJECT pattern_cut set ( file_name : cut_files/10.cut, class : pattern_cut)
 ----- TASK No. 43 -----     Started at 11:40:48 on June  7, 2022                
TICRA-TOOLS>COMMAND OBJECT pattern_cut get_field ( source : sequence(ref(radiating_horn)))
 ----- TASK No. 44 -----     Started at 11:40:48 on June  7, 2022                
 Total task time:  6.19 sec               
TICRA-TOOLS>COMMAND OBJECT eps_r set ( value : -0.2777777777777778, class : real_variable)
 ----- TASK No. 45 -----     Started at 11:40:55 on June  7, 2022                
TICRA-TOOLS>COMMAND OBJECT loss_t set ( value : 0.2, class : real_variable)
 ----- TASK No. 46 -----     Started at 11:40:55 on June  7, 2022                
TICRA-TOOLS>COMMAND OBJECT pattern_cut set ( file_name : cut_files/11.cut, class : pattern_cut)
 ----- TASK No. 47 -----     Started at 11:40:55 on June  7, 2022                
TICRA-TOOLS>COMMAND OBJECT pattern_cut get_field ( source : sequence(ref(radiating_horn)))
 ----- TASK No. 48 -----     Started at 11:40:55 on June  7, 2022                
 Total task time:  6.31 sec               
TICRA-TOOLS>COMMAND OBJECT eps_r set ( value : -0.25757575757575757, class : real_variable)
 ----- TASK No. 49 -----     Started at 11:41:01 on June  7, 2022                
TICRA-TOOLS>COMMAND OBJECT loss_t set ( value : 0.2, class : real_variable)
 ----- TASK No. 50 -----     Started at 11:41:01 on June  7, 2022                
TICRA-TOOLS>COMMAND OBJECT pattern_cut set ( file_name : cut_files/12.cut, class : pattern_cut)
 ----- TASK No. 51 -----     Started at 11:41:01 on June  7, 2022                
TICRA-TOOLS>COMMAND OBJECT pattern_cut get_field ( source : sequence(ref(radiating_horn)))
 ----- TASK No. 52 -----     Started at 11:41:01 on June  7, 2022                
 Total task time:  6.19 sec               
TICRA-TOOLS>COMMAND OBJECT eps_r set ( value : -0.23737373737373735, class : real_variable)
 ----- TASK No. 53 -----     Started at 11:41:07 on June  7, 2022                
TICRA-TOOLS>COMMAND OBJECT loss_t set ( value : 0.2, class : real_variable)
 ----- TASK No. 54 -----     Started at 11:41:07 on June  7, 2022                
TICRA-TOOLS>COMMAND OBJECT pattern_cut set ( file_name : cut_files/13.cut, class : pattern_cut)
 ----- TASK No. 55 -----     Started at 11:41:07 on June  7, 2022                
TICRA-TOOLS>COMMAND OBJECT pattern_cut get_field ( source : sequence(ref(radiating_horn)))
 ----- TASK No. 56 -----     Started at 11:41:07 on June  7, 2022                
 Total task time:  6.28 sec               
TICRA-TOOLS>COMMAND OBJECT eps_r set ( value : -0.21717171717171713, class : real_variable)
 ----- TASK No. 57 -----     Started at 11:41:13 on June  7, 2022                
TICRA-TOOLS>COMMAND OBJECT loss_t set ( value : 0.2, class : real_variable)
 ----- TASK No. 58 -----     Started at 11:41:13 on June  7, 2022                
TICRA-TOOLS>COMMAND OBJECT pattern_cut set ( file_name : cut_files/14.cut, class : pattern_cut)
 ----- TASK No. 59 -----     Started at 11:41:13 on June  7, 2022                
TICRA-TOOLS>COMMAND OBJECT pattern_cut get_field ( source : sequence(ref(radiating_horn)))
 ----- TASK No. 60 -----     Started at 11:41:13 on June  7, 2022                
 Total task time:  6.21 sec               
TICRA-TOOLS>COMMAND OBJECT eps_r set ( value : -0.19696969696969696, class : real_variable)
 ----- TASK No. 61 -----     Started at 11:41:20 on June  7, 2022                
TICRA-TOOLS>COMMAND OBJECT loss_t set ( value : 0.2, class : real_variable)
 ----- TASK No. 62 -----     Started at 11:41:20 on June  7, 2022                
TICRA-TOOLS>COMMAND OBJECT pattern_cut set ( file_name : cut_files/15.cut, class : pattern_cut)
 ----- TASK No. 63 -----     Started at 11:41:20 on June  7, 2022                
TICRA-TOOLS>COMMAND OBJECT pattern_cut get_field ( source : sequence(ref(radiating_horn)))
 ----- TASK No. 64 -----     Started at 11:41:20 on June  7, 2022                
 Total task time:  6.52 sec               
TICRA-TOOLS>COMMAND OBJECT eps_r set ( value : -0.17676767676767674, class : real_variable)
 ----- TASK No. 65 -----     Started at 11:41:26 on June  7, 2022                
TICRA-TOOLS>COMMAND OBJECT loss_t set ( value : 0.2, class : real_variable)
 ----- TASK No. 66 -----     Started at 11:41:26 on June  7, 2022                
TICRA-TOOLS>COMMAND OBJECT pattern_cut set ( file_name : cut_files/16.cut, class : pattern_cut)
 ----- TASK No. 67 -----     Started at 11:41:26 on June  7, 2022                
TICRA-TOOLS>COMMAND OBJECT pattern_cut get_field ( source : sequence(ref(radiating_horn)))
 ----- TASK No. 68 -----     Started at 11:41:26 on June  7, 2022                
 Total task time:  6.53 sec               
TICRA-TOOLS>COMMAND OBJECT eps_r set ( value : -0.15656565656565652, class : real_variable)
 ----- TASK No. 69 -----     Started at 11:41:33 on June  7, 2022                
TICRA-TOOLS>COMMAND OBJECT loss_t set ( value : 0.2, class : real_variable)
 ----- TASK No. 70 -----     Started at 11:41:33 on June  7, 2022                
TICRA-TOOLS>COMMAND OBJECT pattern_cut set ( file_name : cut_files/17.cut, class : pattern_cut)
 ----- TASK No. 71 -----     Started at 11:41:33 on June  7, 2022                
TICRA-TOOLS>COMMAND OBJECT pattern_cut get_field ( source : sequence(ref(radiating_horn)))
 ----- TASK No. 72 -----     Started at 11:41:33 on June  7, 2022                
 Total task time:  6.68 sec               
TICRA-TOOLS>COMMAND OBJECT eps_r set ( value : -0.13636363636363635, class : real_variable)
 ----- TASK No. 73 -----     Started at 11:41:39 on June  7, 2022                
TICRA-TOOLS>COMMAND OBJECT loss_t set ( value : 0.2, class : real_variable)
 ----- TASK No. 74 -----     Started at 11:41:39 on June  7, 2022                
TICRA-TOOLS>COMMAND OBJECT pattern_cut set ( file_name : cut_files/18.cut, class : pattern_cut)
 ----- TASK No. 75 -----     Started at 11:41:39 on June  7, 2022                
TICRA-TOOLS>COMMAND OBJECT pattern_cut get_field ( source : sequence(ref(radiating_horn)))
 ----- TASK No. 76 -----     Started at 11:41:39 on June  7, 2022                
 Total task time:  6.67 sec               
TICRA-TOOLS>COMMAND OBJECT eps_r set ( value : -0.11616161616161613, class : real_variable)
 ----- TASK No. 77 -----     Started at 11:41:46 on June  7, 2022                
TICRA-TOOLS>COMMAND OBJECT loss_t set ( value : 0.2, class : real_variable)
 ----- TASK No. 78 -----     Started at 11:41:46 on June  7, 2022                
TICRA-TOOLS>COMMAND OBJECT pattern_cut set ( file_name : cut_files/19.cut, class : pattern_cut)
 ----- TASK No. 79 -----     Started at 11:41:46 on June  7, 2022                
TICRA-TOOLS>COMMAND OBJECT pattern_cut get_field ( source : sequence(ref(radiating_horn)))
 ----- TASK No. 80 -----     Started at 11:41:46 on June  7, 2022                
 Total task time:  6.61 sec               
TICRA-TOOLS>COMMAND OBJECT eps_r set ( value : -0.09595959595959591, class : real_variable)
 ----- TASK No. 81 -----     Started at 11:41:53 on June  7, 2022                
TICRA-TOOLS>COMMAND OBJECT loss_t set ( value : 0.2, class : real_variable)
 ----- TASK No. 82 -----     Started at 11:41:53 on June  7, 2022                
TICRA-TOOLS>COMMAND OBJECT pattern_cut set ( file_name : cut_files/20.cut, class : pattern_cut)
 ----- TASK No. 83 -----     Started at 11:41:53 on June  7, 2022                
TICRA-TOOLS>COMMAND OBJECT pattern_cut get_field ( source : sequence(ref(radiating_horn)))
 ----- TASK No. 84 -----     Started at 11:41:53 on June  7, 2022                
 Total task time:  6.67 sec               
TICRA-TOOLS>COMMAND OBJECT eps_r set ( value : -0.07575757575757575, class : real_variable)
 ----- TASK No. 85 -----     Started at 11:41:59 on June  7, 2022                
TICRA-TOOLS>COMMAND OBJECT loss_t set ( value : 0.2, class : real_variable)
 ----- TASK No. 86 -----     Started at 11:41:59 on June  7, 2022                
TICRA-TOOLS>COMMAND OBJECT pattern_cut set ( file_name : cut_files/21.cut, class : pattern_cut)
 ----- TASK No. 87 -----     Started at 11:41:59 on June  7, 2022                
TICRA-TOOLS>COMMAND OBJECT pattern_cut get_field ( source : sequence(ref(radiating_horn)))
 ----- TASK No. 88 -----     Started at 11:41:59 on June  7, 2022                
 Total task time:  6.77 sec               
TICRA-TOOLS>COMMAND OBJECT eps_r set ( value : -0.055555555555555525, class : real_variable)
 ----- TASK No. 89 -----     Started at 11:42:06 on June  7, 2022                
TICRA-TOOLS>COMMAND OBJECT loss_t set ( value : 0.2, class : real_variable)
 ----- TASK No. 90 -----     Started at 11:42:06 on June  7, 2022                
TICRA-TOOLS>COMMAND OBJECT pattern_cut set ( file_name : cut_files/22.cut, class : pattern_cut)
 ----- TASK No. 91 -----     Started at 11:42:06 on June  7, 2022                
TICRA-TOOLS>COMMAND OBJECT pattern_cut get_field ( source : sequence(ref(radiating_horn)))
 ----- TASK No. 92 -----     Started at 11:42:06 on June  7, 2022                
 Total task time:  6.75 sec               
TICRA-TOOLS>COMMAND OBJECT eps_r set ( value : -0.035353535353535304, class : real_variable)
 ----- TASK No. 93 -----     Started at 11:42:13 on June  7, 2022                
TICRA-TOOLS>COMMAND OBJECT loss_t set ( value : 0.2, class : real_variable)
 ----- TASK No. 94 -----     Started at 11:42:13 on June  7, 2022                
TICRA-TOOLS>COMMAND OBJECT pattern_cut set ( file_name : cut_files/23.cut, class : pattern_cut)
 ----- TASK No. 95 -----     Started at 11:42:13 on June  7, 2022                
TICRA-TOOLS>COMMAND OBJECT pattern_cut get_field ( source : sequence(ref(radiating_horn)))
 ----- TASK No. 96 -----     Started at 11:42:13 on June  7, 2022                
 Total task time:  6.75 sec               
TICRA-TOOLS>COMMAND OBJECT eps_r set ( value : -0.015151515151515138, class : real_variable)
 ----- TASK No. 97 -----     Started at 11:42:20 on June  7, 2022                
TICRA-TOOLS>COMMAND OBJECT loss_t set ( value : 0.2, class : real_variable)
 ----- TASK No. 98 -----     Started at 11:42:20 on June  7, 2022                
TICRA-TOOLS>COMMAND OBJECT pattern_cut set ( file_name : cut_files/24.cut, class : pattern_cut)
 ----- TASK No. 99 -----     Started at 11:42:20 on June  7, 2022                
TICRA-TOOLS>COMMAND OBJECT pattern_cut get_field ( source : sequence(ref(radiating_horn)))
 ----- TASK No. 100 -----     Started at 11:42:20 on June  7, 2022               
 Total task time:  6.81 sec               
TICRA-TOOLS>COMMAND OBJECT eps_r set ( value : 0.005050505050505083, class : real_variable)
 ----- TASK No. 101 -----     Started at 11:42:26 on June  7, 2022               
TICRA-TOOLS>COMMAND OBJECT loss_t set ( value : 0.2, class : real_variable)
 ----- TASK No. 102 -----     Started at 11:42:26 on June  7, 2022               
TICRA-TOOLS>COMMAND OBJECT pattern_cut set ( file_name : cut_files/25.cut, class : pattern_cut)
 ----- TASK No. 103 -----     Started at 11:42:26 on June  7, 2022               
TICRA-TOOLS>COMMAND OBJECT pattern_cut get_field ( source : sequence(ref(radiating_horn)))
 ----- TASK No. 104 -----     Started at 11:42:26 on June  7, 2022               
 Total task time:  6.82 sec               
TICRA-TOOLS>COMMAND OBJECT eps_r set ( value : 0.025252525252525304, class : real_variable)
 ----- TASK No. 105 -----     Started at 11:42:33 on June  7, 2022               
TICRA-TOOLS>COMMAND OBJECT loss_t set ( value : 0.2, class : real_variable)
 ----- TASK No. 106 -----     Started at 11:42:33 on June  7, 2022               
TICRA-TOOLS>COMMAND OBJECT pattern_cut set ( file_name : cut_files/26.cut, class : pattern_cut)
 ----- TASK No. 107 -----     Started at 11:42:33 on June  7, 2022               
TICRA-TOOLS>COMMAND OBJECT pattern_cut get_field ( source : sequence(ref(radiating_horn)))
 ----- TASK No. 108 -----     Started at 11:42:33 on June  7, 2022               
 Total task time:  6.88 sec               
TICRA-TOOLS>COMMAND OBJECT eps_r set ( value : 0.045454545454545525, class : real_variable)
 ----- TASK No. 109 -----     Started at 11:42:40 on June  7, 2022               
TICRA-TOOLS>COMMAND OBJECT loss_t set ( value : 0.2, class : real_variable)
 ----- TASK No. 110 -----     Started at 11:42:40 on June  7, 2022               
TICRA-TOOLS>COMMAND OBJECT pattern_cut set ( file_name : cut_files/27.cut, class : pattern_cut)
 ----- TASK No. 111 -----     Started at 11:42:40 on June  7, 2022               
TICRA-TOOLS>COMMAND OBJECT pattern_cut get_field ( source : sequence(ref(radiating_horn)))
 ----- TASK No. 112 -----     Started at 11:42:40 on June  7, 2022               
 Total task time:  6.95 sec               
TICRA-TOOLS>COMMAND OBJECT eps_r set ( value : 0.06565656565656575, class : real_variable)
 ----- TASK No. 113 -----     Started at 11:42:47 on June  7, 2022               
TICRA-TOOLS>COMMAND OBJECT loss_t set ( value : 0.2, class : real_variable)
 ----- TASK No. 114 -----     Started at 11:42:47 on June  7, 2022               
TICRA-TOOLS>COMMAND OBJECT pattern_cut set ( file_name : cut_files/28.cut, class : pattern_cut)
 ----- TASK No. 115 -----     Started at 11:42:47 on June  7, 2022               
TICRA-TOOLS>COMMAND OBJECT pattern_cut get_field ( source : sequence(ref(radiating_horn)))
 ----- TASK No. 116 -----     Started at 11:42:47 on June  7, 2022               
 Total task time:  6.88 sec               
TICRA-TOOLS>COMMAND OBJECT eps_r set ( value : 0.08585858585858586, class : real_variable)
 ----- TASK No. 117 -----     Started at 11:42:54 on June  7, 2022               
TICRA-TOOLS>COMMAND OBJECT loss_t set ( value : 0.2, class : real_variable)
 ----- TASK No. 118 -----     Started at 11:42:54 on June  7, 2022               
TICRA-TOOLS>COMMAND OBJECT pattern_cut set ( file_name : cut_files/29.cut, class : pattern_cut)
 ----- TASK No. 119 -----     Started at 11:42:54 on June  7, 2022               
TICRA-TOOLS>COMMAND OBJECT pattern_cut get_field ( source : sequence(ref(radiating_horn)))
 ----- TASK No. 120 -----     Started at 11:42:54 on June  7, 2022               
 Total task time:  6.88 sec               
TICRA-TOOLS>COMMAND OBJECT eps_r set ( value : 0.10606060606060608, class : real_variable)
 ----- TASK No. 121 -----     Started at 11:43:01 on June  7, 2022               
TICRA-TOOLS>COMMAND OBJECT loss_t set ( value : 0.2, class : real_variable)
 ----- TASK No. 122 -----     Started at 11:43:01 on June  7, 2022               
TICRA-TOOLS>COMMAND OBJECT pattern_cut set ( file_name : cut_files/30.cut, class : pattern_cut)
 ----- TASK No. 123 -----     Started at 11:43:01 on June  7, 2022               
TICRA-TOOLS>COMMAND OBJECT pattern_cut get_field ( source : sequence(ref(radiating_horn)))
 ----- TASK No. 124 -----     Started at 11:43:01 on June  7, 2022               
 Total task time:  6.95 sec               
TICRA-TOOLS>COMMAND OBJECT eps_r set ( value : 0.1262626262626263, class : real_variable)
 ----- TASK No. 125 -----     Started at 11:43:08 on June  7, 2022               
TICRA-TOOLS>COMMAND OBJECT loss_t set ( value : 0.2, class : real_variable)
 ----- TASK No. 126 -----     Started at 11:43:08 on June  7, 2022               
TICRA-TOOLS>COMMAND OBJECT pattern_cut set ( file_name : cut_files/31.cut, class : pattern_cut)
 ----- TASK No. 127 -----     Started at 11:43:08 on June  7, 2022               
TICRA-TOOLS>COMMAND OBJECT pattern_cut get_field ( source : sequence(ref(radiating_horn)))
 ----- TASK No. 128 -----     Started at 11:43:08 on June  7, 2022               
 Total task time:  7.00 sec               
TICRA-TOOLS>COMMAND OBJECT eps_r set ( value : 0.14646464646464652, class : real_variable)
 ----- TASK No. 129 -----     Started at 11:43:15 on June  7, 2022               
TICRA-TOOLS>COMMAND OBJECT loss_t set ( value : 0.2, class : real_variable)
 ----- TASK No. 130 -----     Started at 11:43:15 on June  7, 2022               
TICRA-TOOLS>COMMAND OBJECT pattern_cut set ( file_name : cut_files/32.cut, class : pattern_cut)
 ----- TASK No. 131 -----     Started at 11:43:15 on June  7, 2022               
TICRA-TOOLS>COMMAND OBJECT pattern_cut get_field ( source : sequence(ref(radiating_horn)))
 ----- TASK No. 132 -----     Started at 11:43:15 on June  7, 2022               
 Total task time:  6.94 sec               
TICRA-TOOLS>COMMAND OBJECT eps_r set ( value : 0.16666666666666674, class : real_variable)
 ----- TASK No. 133 -----     Started at 11:43:22 on June  7, 2022               
TICRA-TOOLS>COMMAND OBJECT loss_t set ( value : 0.2, class : real_variable)
 ----- TASK No. 134 -----     Started at 11:43:22 on June  7, 2022               
TICRA-TOOLS>COMMAND OBJECT pattern_cut set ( file_name : cut_files/33.cut, class : pattern_cut)
 ----- TASK No. 135 -----     Started at 11:43:22 on June  7, 2022               
TICRA-TOOLS>COMMAND OBJECT pattern_cut get_field ( source : sequence(ref(radiating_horn)))
 ----- TASK No. 136 -----     Started at 11:43:22 on June  7, 2022               
 Total task time:  6.97 sec               
TICRA-TOOLS>COMMAND OBJECT eps_r set ( value : 0.18686868686868696, class : real_variable)
 ----- TASK No. 137 -----     Started at 11:43:29 on June  7, 2022               
TICRA-TOOLS>COMMAND OBJECT loss_t set ( value : 0.2, class : real_variable)
 ----- TASK No. 138 -----     Started at 11:43:29 on June  7, 2022               
TICRA-TOOLS>COMMAND OBJECT pattern_cut set ( file_name : cut_files/34.cut, class : pattern_cut)
 ----- TASK No. 139 -----     Started at 11:43:29 on June  7, 2022               
TICRA-TOOLS>COMMAND OBJECT pattern_cut get_field ( source : sequence(ref(radiating_horn)))
 ----- TASK No. 140 -----     Started at 11:43:29 on June  7, 2022               
 Total task time:  7.00 sec               
TICRA-TOOLS>COMMAND OBJECT eps_r set ( value : 0.20707070707070718, class : real_variable)
 ----- TASK No. 141 -----     Started at 11:43:36 on June  7, 2022               
TICRA-TOOLS>COMMAND OBJECT loss_t set ( value : 0.2, class : real_variable)
 ----- TASK No. 142 -----     Started at 11:43:36 on June  7, 2022               
TICRA-TOOLS>COMMAND OBJECT pattern_cut set ( file_name : cut_files/35.cut, class : pattern_cut)
 ----- TASK No. 143 -----     Started at 11:43:36 on June  7, 2022               
TICRA-TOOLS>COMMAND OBJECT pattern_cut get_field ( source : sequence(ref(radiating_horn)))
 ----- TASK No. 144 -----     Started at 11:43:36 on June  7, 2022               
 Total task time:  7.00 sec               
TICRA-TOOLS>COMMAND OBJECT eps_r set ( value : 0.2272727272727273, class : real_variable)
 ----- TASK No. 145 -----     Started at 11:43:43 on June  7, 2022               
TICRA-TOOLS>COMMAND OBJECT loss_t set ( value : 0.2, class : real_variable)
 ----- TASK No. 146 -----     Started at 11:43:43 on June  7, 2022               
TICRA-TOOLS>COMMAND OBJECT pattern_cut set ( file_name : cut_files/36.cut, class : pattern_cut)
 ----- TASK No. 147 -----     Started at 11:43:43 on June  7, 2022               
TICRA-TOOLS>COMMAND OBJECT pattern_cut get_field ( source : sequence(ref(radiating_horn)))
 ----- TASK No. 148 -----     Started at 11:43:43 on June  7, 2022               
 Total task time:  7.00 sec               
TICRA-TOOLS>COMMAND OBJECT eps_r set ( value : 0.24747474747474751, class : real_variable)
 ----- TASK No. 149 -----     Started at 11:43:50 on June  7, 2022               
TICRA-TOOLS>COMMAND OBJECT loss_t set ( value : 0.2, class : real_variable)
 ----- TASK No. 150 -----     Started at 11:43:50 on June  7, 2022               
TICRA-TOOLS>COMMAND OBJECT pattern_cut set ( file_name : cut_files/37.cut, class : pattern_cut)
 ----- TASK No. 151 -----     Started at 11:43:50 on June  7, 2022               
TICRA-TOOLS>COMMAND OBJECT pattern_cut get_field ( source : sequence(ref(radiating_horn)))
 ----- TASK No. 152 -----     Started at 11:43:50 on June  7, 2022               
 Total task time:  7.02 sec               
TICRA-TOOLS>COMMAND OBJECT eps_r set ( value : 0.26767676767676774, class : real_variable)
 ----- TASK No. 153 -----     Started at 11:43:57 on June  7, 2022               
TICRA-TOOLS>COMMAND OBJECT loss_t set ( value : 0.2, class : real_variable)
 ----- TASK No. 154 -----     Started at 11:43:57 on June  7, 2022               
TICRA-TOOLS>COMMAND OBJECT pattern_cut set ( file_name : cut_files/38.cut, class : pattern_cut)
 ----- TASK No. 155 -----     Started at 11:43:57 on June  7, 2022               
TICRA-TOOLS>COMMAND OBJECT pattern_cut get_field ( source : sequence(ref(radiating_horn)))
 ----- TASK No. 156 -----     Started at 11:43:57 on June  7, 2022               
 Total task time:  7.09 sec               
TICRA-TOOLS>COMMAND OBJECT eps_r set ( value : 0.28787878787878796, class : real_variable)
 ----- TASK No. 157 -----     Started at 11:44:04 on June  7, 2022               
TICRA-TOOLS>COMMAND OBJECT loss_t set ( value : 0.2, class : real_variable)
 ----- TASK No. 158 -----     Started at 11:44:04 on June  7, 2022               
TICRA-TOOLS>COMMAND OBJECT pattern_cut set ( file_name : cut_files/39.cut, class : pattern_cut)
 ----- TASK No. 159 -----     Started at 11:44:04 on June  7, 2022               
TICRA-TOOLS>COMMAND OBJECT pattern_cut get_field ( source : sequence(ref(radiating_horn)))
 ----- TASK No. 160 -----     Started at 11:44:04 on June  7, 2022               
 Total task time:  7.06 sec               
TICRA-TOOLS>COMMAND OBJECT eps_r set ( value : 0.3080808080808082, class : real_variable)
 ----- TASK No. 161 -----     Started at 11:44:11 on June  7, 2022               
TICRA-TOOLS>COMMAND OBJECT loss_t set ( value : 0.2, class : real_variable)
 ----- TASK No. 162 -----     Started at 11:44:11 on June  7, 2022               
TICRA-TOOLS>COMMAND OBJECT pattern_cut set ( file_name : cut_files/40.cut, class : pattern_cut)
 ----- TASK No. 163 -----     Started at 11:44:11 on June  7, 2022               
TICRA-TOOLS>COMMAND OBJECT pattern_cut get_field ( source : sequence(ref(radiating_horn)))
 ----- TASK No. 164 -----     Started at 11:44:11 on June  7, 2022               
 Total task time:  7.05 sec               
TICRA-TOOLS>COMMAND OBJECT eps_r set ( value : 0.3282828282828284, class : real_variable)
 ----- TASK No. 165 -----     Started at 11:44:18 on June  7, 2022               
TICRA-TOOLS>COMMAND OBJECT loss_t set ( value : 0.2, class : real_variable)
 ----- TASK No. 166 -----     Started at 11:44:18 on June  7, 2022               
TICRA-TOOLS>COMMAND OBJECT pattern_cut set ( file_name : cut_files/41.cut, class : pattern_cut)
 ----- TASK No. 167 -----     Started at 11:44:18 on June  7, 2022               
TICRA-TOOLS>COMMAND OBJECT pattern_cut get_field ( source : sequence(ref(radiating_horn)))
 ----- TASK No. 168 -----     Started at 11:44:18 on June  7, 2022               
 Total task time:  7.09 sec               
TICRA-TOOLS>COMMAND OBJECT eps_r set ( value : 0.3484848484848485, class : real_variable)
 ----- TASK No. 169 -----     Started at 11:44:25 on June  7, 2022               
TICRA-TOOLS>COMMAND OBJECT loss_t set ( value : 0.2, class : real_variable)
 ----- TASK No. 170 -----     Started at 11:44:25 on June  7, 2022               
TICRA-TOOLS>COMMAND OBJECT pattern_cut set ( file_name : cut_files/42.cut, class : pattern_cut)
 ----- TASK No. 171 -----     Started at 11:44:25 on June  7, 2022               
TICRA-TOOLS>COMMAND OBJECT pattern_cut get_field ( source : sequence(ref(radiating_horn)))
 ----- TASK No. 172 -----     Started at 11:44:25 on June  7, 2022               
 Total task time:  7.09 sec               
TICRA-TOOLS>COMMAND OBJECT eps_r set ( value : 0.36868686868686873, class : real_variable)
 ----- TASK No. 173 -----     Started at 11:44:32 on June  7, 2022               
TICRA-TOOLS>COMMAND OBJECT loss_t set ( value : 0.2, class : real_variable)
 ----- TASK No. 174 -----     Started at 11:44:32 on June  7, 2022               
TICRA-TOOLS>COMMAND OBJECT pattern_cut set ( file_name : cut_files/43.cut, class : pattern_cut)
 ----- TASK No. 175 -----     Started at 11:44:32 on June  7, 2022               
TICRA-TOOLS>COMMAND OBJECT pattern_cut get_field ( source : sequence(ref(radiating_horn)))
 ----- TASK No. 176 -----     Started at 11:44:32 on June  7, 2022               
 Total task time:  7.04 sec               
TICRA-TOOLS>COMMAND OBJECT eps_r set ( value : 0.38888888888888895, class : real_variable)
 ----- TASK No. 177 -----     Started at 11:44:39 on June  7, 2022               
TICRA-TOOLS>COMMAND OBJECT loss_t set ( value : 0.2, class : real_variable)
 ----- TASK No. 178 -----     Started at 11:44:39 on June  7, 2022               
TICRA-TOOLS>COMMAND OBJECT pattern_cut set ( file_name : cut_files/44.cut, class : pattern_cut)
 ----- TASK No. 179 -----     Started at 11:44:39 on June  7, 2022               
TICRA-TOOLS>COMMAND OBJECT pattern_cut get_field ( source : sequence(ref(radiating_horn)))
 ----- TASK No. 180 -----     Started at 11:44:39 on June  7, 2022               
 Total task time:  7.19 sec               
TICRA-TOOLS>COMMAND OBJECT eps_r set ( value : 0.40909090909090917, class : real_variable)
 ----- TASK No. 181 -----     Started at 11:44:46 on June  7, 2022               
TICRA-TOOLS>COMMAND OBJECT loss_t set ( value : 0.2, class : real_variable)
 ----- TASK No. 182 -----     Started at 11:44:46 on June  7, 2022               
TICRA-TOOLS>COMMAND OBJECT pattern_cut set ( file_name : cut_files/45.cut, class : pattern_cut)
 ----- TASK No. 183 -----     Started at 11:44:46 on June  7, 2022               
TICRA-TOOLS>COMMAND OBJECT pattern_cut get_field ( source : sequence(ref(radiating_horn)))
 ----- TASK No. 184 -----     Started at 11:44:46 on June  7, 2022               
 Total task time:  7.26 sec               
TICRA-TOOLS>COMMAND OBJECT eps_r set ( value : 0.4292929292929294, class : real_variable)
 ----- TASK No. 185 -----     Started at 11:44:54 on June  7, 2022               
TICRA-TOOLS>COMMAND OBJECT loss_t set ( value : 0.2, class : real_variable)
 ----- TASK No. 186 -----     Started at 11:44:54 on June  7, 2022               
TICRA-TOOLS>COMMAND OBJECT pattern_cut set ( file_name : cut_files/46.cut, class : pattern_cut)
 ----- TASK No. 187 -----     Started at 11:44:54 on June  7, 2022               
TICRA-TOOLS>COMMAND OBJECT pattern_cut get_field ( source : sequence(ref(radiating_horn)))
 ----- TASK No. 188 -----     Started at 11:44:54 on June  7, 2022               
 Total task time:  7.29 sec               
TICRA-TOOLS>COMMAND OBJECT eps_r set ( value : 0.4494949494949496, class : real_variable)
 ----- TASK No. 189 -----     Started at 11:45:01 on June  7, 2022               
TICRA-TOOLS>COMMAND OBJECT loss_t set ( value : 0.2, class : real_variable)
 ----- TASK No. 190 -----     Started at 11:45:01 on June  7, 2022               
TICRA-TOOLS>COMMAND OBJECT pattern_cut set ( file_name : cut_files/47.cut, class : pattern_cut)
 ----- TASK No. 191 -----     Started at 11:45:01 on June  7, 2022               
TICRA-TOOLS>COMMAND OBJECT pattern_cut get_field ( source : sequence(ref(radiating_horn)))
 ----- TASK No. 192 -----     Started at 11:45:01 on June  7, 2022               
 Total task time:  7.13 sec               
TICRA-TOOLS>COMMAND OBJECT eps_r set ( value : 0.4696969696969697, class : real_variable)
 ----- TASK No. 193 -----     Started at 11:45:08 on June  7, 2022               
TICRA-TOOLS>COMMAND OBJECT loss_t set ( value : 0.2, class : real_variable)
 ----- TASK No. 194 -----     Started at 11:45:08 on June  7, 2022               
TICRA-TOOLS>COMMAND OBJECT pattern_cut set ( file_name : cut_files/48.cut, class : pattern_cut)
 ----- TASK No. 195 -----     Started at 11:45:08 on June  7, 2022               
TICRA-TOOLS>COMMAND OBJECT pattern_cut get_field ( source : sequence(ref(radiating_horn)))
 ----- TASK No. 196 -----     Started at 11:45:08 on June  7, 2022               
 Total task time:  7.15 sec               
TICRA-TOOLS>COMMAND OBJECT eps_r set ( value : 0.48989898989898994, class : real_variable)
 ----- TASK No. 197 -----     Started at 11:45:15 on June  7, 2022               
TICRA-TOOLS>COMMAND OBJECT loss_t set ( value : 0.2, class : real_variable)
 ----- TASK No. 198 -----     Started at 11:45:15 on June  7, 2022               
TICRA-TOOLS>COMMAND OBJECT pattern_cut set ( file_name : cut_files/49.cut, class : pattern_cut)
 ----- TASK No. 199 -----     Started at 11:45:15 on June  7, 2022               
TICRA-TOOLS>COMMAND OBJECT pattern_cut get_field ( source : sequence(ref(radiating_horn)))
 ----- TASK No. 200 -----     Started at 11:45:15 on June  7, 2022               
 Total task time:  7.23 sec               
TICRA-TOOLS>COMMAND OBJECT eps_r set ( value : 0.5101010101010102, class : real_variable)
 ----- TASK No. 201 -----     Started at 11:45:22 on June  7, 2022               
TICRA-TOOLS>COMMAND OBJECT loss_t set ( value : 0.2, class : real_variable)
 ----- TASK No. 202 -----     Started at 11:45:22 on June  7, 2022               
TICRA-TOOLS>COMMAND OBJECT pattern_cut set ( file_name : cut_files/50.cut, class : pattern_cut)
 ----- TASK No. 203 -----     Started at 11:45:22 on June  7, 2022               
TICRA-TOOLS>COMMAND OBJECT pattern_cut get_field ( source : sequence(ref(radiating_horn)))
 ----- TASK No. 204 -----     Started at 11:45:22 on June  7, 2022               
 Total task time:  7.19 sec               
TICRA-TOOLS>COMMAND OBJECT eps_r set ( value : 0.5303030303030305, class : real_variable)
 ----- TASK No. 205 -----     Started at 11:45:30 on June  7, 2022               
TICRA-TOOLS>COMMAND OBJECT loss_t set ( value : 0.2, class : real_variable)
 ----- TASK No. 206 -----     Started at 11:45:30 on June  7, 2022               
TICRA-TOOLS>COMMAND OBJECT pattern_cut set ( file_name : cut_files/51.cut, class : pattern_cut)
 ----- TASK No. 207 -----     Started at 11:45:30 on June  7, 2022               
TICRA-TOOLS>COMMAND OBJECT pattern_cut get_field ( source : sequence(ref(radiating_horn)))
 ----- TASK No. 208 -----     Started at 11:45:30 on June  7, 2022               
 Total task time:  7.17 sec               
TICRA-TOOLS>COMMAND OBJECT eps_r set ( value : 0.5505050505050506, class : real_variable)
 ----- TASK No. 209 -----     Started at 11:45:37 on June  7, 2022               
TICRA-TOOLS>COMMAND OBJECT loss_t set ( value : 0.2, class : real_variable)
 ----- TASK No. 210 -----     Started at 11:45:37 on June  7, 2022               
TICRA-TOOLS>COMMAND OBJECT pattern_cut set ( file_name : cut_files/52.cut, class : pattern_cut)
 ----- TASK No. 211 -----     Started at 11:45:37 on June  7, 2022               
TICRA-TOOLS>COMMAND OBJECT pattern_cut get_field ( source : sequence(ref(radiating_horn)))
 ----- TASK No. 212 -----     Started at 11:45:37 on June  7, 2022               
 Total task time:  7.19 sec               
TICRA-TOOLS>COMMAND OBJECT eps_r set ( value : 0.5707070707070707, class : real_variable)
 ----- TASK No. 213 -----     Started at 11:45:44 on June  7, 2022               
TICRA-TOOLS>COMMAND OBJECT loss_t set ( value : 0.2, class : real_variable)
 ----- TASK No. 214 -----     Started at 11:45:44 on June  7, 2022               
TICRA-TOOLS>COMMAND OBJECT pattern_cut set ( file_name : cut_files/53.cut, class : pattern_cut)
 ----- TASK No. 215 -----     Started at 11:45:44 on June  7, 2022               
TICRA-TOOLS>COMMAND OBJECT pattern_cut get_field ( source : sequence(ref(radiating_horn)))
 ----- TASK No. 216 -----     Started at 11:45:44 on June  7, 2022               
 Total task time:  7.22 sec               
TICRA-TOOLS>COMMAND OBJECT eps_r set ( value : 0.590909090909091, class : real_variable)
 ----- TASK No. 217 -----     Started at 11:45:51 on June  7, 2022               
TICRA-TOOLS>COMMAND OBJECT loss_t set ( value : 0.2, class : real_variable)
 ----- TASK No. 218 -----     Started at 11:45:51 on June  7, 2022               
TICRA-TOOLS>COMMAND OBJECT pattern_cut set ( file_name : cut_files/54.cut, class : pattern_cut)
 ----- TASK No. 219 -----     Started at 11:45:51 on June  7, 2022               
TICRA-TOOLS>COMMAND OBJECT pattern_cut get_field ( source : sequence(ref(radiating_horn)))
 ----- TASK No. 220 -----     Started at 11:45:51 on June  7, 2022               
 Total task time:  7.28 sec               
TICRA-TOOLS>COMMAND OBJECT eps_r set ( value : 0.6111111111111112, class : real_variable)
 ----- TASK No. 221 -----     Started at 11:45:59 on June  7, 2022               
TICRA-TOOLS>COMMAND OBJECT loss_t set ( value : 0.2, class : real_variable)
 ----- TASK No. 222 -----     Started at 11:45:59 on June  7, 2022               
TICRA-TOOLS>COMMAND OBJECT pattern_cut set ( file_name : cut_files/55.cut, class : pattern_cut)
 ----- TASK No. 223 -----     Started at 11:45:59 on June  7, 2022               
TICRA-TOOLS>COMMAND OBJECT pattern_cut get_field ( source : sequence(ref(radiating_horn)))
 ----- TASK No. 224 -----     Started at 11:45:59 on June  7, 2022               
 Total task time:  7.22 sec               
TICRA-TOOLS>COMMAND OBJECT eps_r set ( value : 0.6313131313131315, class : real_variable)
 ----- TASK No. 225 -----     Started at 11:46:06 on June  7, 2022               
TICRA-TOOLS>COMMAND OBJECT loss_t set ( value : 0.2, class : real_variable)
 ----- TASK No. 226 -----     Started at 11:46:06 on June  7, 2022               
TICRA-TOOLS>COMMAND OBJECT pattern_cut set ( file_name : cut_files/56.cut, class : pattern_cut)
 ----- TASK No. 227 -----     Started at 11:46:06 on June  7, 2022               
TICRA-TOOLS>COMMAND OBJECT pattern_cut get_field ( source : sequence(ref(radiating_horn)))
 ----- TASK No. 228 -----     Started at 11:46:06 on June  7, 2022               
 Total task time:  7.35 sec               
TICRA-TOOLS>COMMAND OBJECT eps_r set ( value : 0.6515151515151516, class : real_variable)
 ----- TASK No. 229 -----     Started at 11:46:13 on June  7, 2022               
TICRA-TOOLS>COMMAND OBJECT loss_t set ( value : 0.2, class : real_variable)
 ----- TASK No. 230 -----     Started at 11:46:13 on June  7, 2022               
TICRA-TOOLS>COMMAND OBJECT pattern_cut set ( file_name : cut_files/57.cut, class : pattern_cut)
 ----- TASK No. 231 -----     Started at 11:46:13 on June  7, 2022               
TICRA-TOOLS>COMMAND OBJECT pattern_cut get_field ( source : sequence(ref(radiating_horn)))
 ----- TASK No. 232 -----     Started at 11:46:13 on June  7, 2022               
 Total task time:  7.30 sec               
TICRA-TOOLS>COMMAND OBJECT eps_r set ( value : 0.6717171717171717, class : real_variable)
 ----- TASK No. 233 -----     Started at 11:46:20 on June  7, 2022               
TICRA-TOOLS>COMMAND OBJECT loss_t set ( value : 0.2, class : real_variable)
 ----- TASK No. 234 -----     Started at 11:46:20 on June  7, 2022               
TICRA-TOOLS>COMMAND OBJECT pattern_cut set ( file_name : cut_files/58.cut, class : pattern_cut)
 ----- TASK No. 235 -----     Started at 11:46:20 on June  7, 2022               
TICRA-TOOLS>COMMAND OBJECT pattern_cut get_field ( source : sequence(ref(radiating_horn)))
 ----- TASK No. 236 -----     Started at 11:46:20 on June  7, 2022               
 Total task time:  7.35 sec               
TICRA-TOOLS>COMMAND OBJECT eps_r set ( value : 0.691919191919192, class : real_variable)
 ----- TASK No. 237 -----     Started at 11:46:28 on June  7, 2022               
TICRA-TOOLS>COMMAND OBJECT loss_t set ( value : 0.2, class : real_variable)
 ----- TASK No. 238 -----     Started at 11:46:28 on June  7, 2022               
TICRA-TOOLS>COMMAND OBJECT pattern_cut set ( file_name : cut_files/59.cut, class : pattern_cut)
 ----- TASK No. 239 -----     Started at 11:46:28 on June  7, 2022               
TICRA-TOOLS>COMMAND OBJECT pattern_cut get_field ( source : sequence(ref(radiating_horn)))
 ----- TASK No. 240 -----     Started at 11:46:28 on June  7, 2022               
 Total task time:  7.33 sec               
TICRA-TOOLS>COMMAND OBJECT eps_r set ( value : 0.7121212121212122, class : real_variable)
 ----- TASK No. 241 -----     Started at 11:46:35 on June  7, 2022               
TICRA-TOOLS>COMMAND OBJECT loss_t set ( value : 0.2, class : real_variable)
 ----- TASK No. 242 -----     Started at 11:46:35 on June  7, 2022               
TICRA-TOOLS>COMMAND OBJECT pattern_cut set ( file_name : cut_files/60.cut, class : pattern_cut)
 ----- TASK No. 243 -----     Started at 11:46:35 on June  7, 2022               
TICRA-TOOLS>COMMAND OBJECT pattern_cut get_field ( source : sequence(ref(radiating_horn)))
 ----- TASK No. 244 -----     Started at 11:46:35 on June  7, 2022               
 Total task time:  7.32 sec               
TICRA-TOOLS>COMMAND OBJECT eps_r set ( value : 0.7323232323232325, class : real_variable)
 ----- TASK No. 245 -----     Started at 11:46:42 on June  7, 2022               
TICRA-TOOLS>COMMAND OBJECT loss_t set ( value : 0.2, class : real_variable)
 ----- TASK No. 246 -----     Started at 11:46:42 on June  7, 2022               
TICRA-TOOLS>COMMAND OBJECT pattern_cut set ( file_name : cut_files/61.cut, class : pattern_cut)
 ----- TASK No. 247 -----     Started at 11:46:42 on June  7, 2022               
TICRA-TOOLS>COMMAND OBJECT pattern_cut get_field ( source : sequence(ref(radiating_horn)))
 ----- TASK No. 248 -----     Started at 11:46:42 on June  7, 2022               
 Total task time:  7.28 sec               
TICRA-TOOLS>COMMAND OBJECT eps_r set ( value : 0.7525252525252526, class : real_variable)
 ----- TASK No. 249 -----     Started at 11:46:50 on June  7, 2022               
TICRA-TOOLS>COMMAND OBJECT loss_t set ( value : 0.2, class : real_variable)
 ----- TASK No. 250 -----     Started at 11:46:50 on June  7, 2022               
TICRA-TOOLS>COMMAND OBJECT pattern_cut set ( file_name : cut_files/62.cut, class : pattern_cut)
 ----- TASK No. 251 -----     Started at 11:46:50 on June  7, 2022               
TICRA-TOOLS>COMMAND OBJECT pattern_cut get_field ( source : sequence(ref(radiating_horn)))
 ----- TASK No. 252 -----     Started at 11:46:50 on June  7, 2022               
 Total task time:  7.52 sec               
TICRA-TOOLS>COMMAND OBJECT eps_r set ( value : 0.7727272727272729, class : real_variable)
 ----- TASK No. 253 -----     Started at 11:46:57 on June  7, 2022               
TICRA-TOOLS>COMMAND OBJECT loss_t set ( value : 0.2, class : real_variable)
 ----- TASK No. 254 -----     Started at 11:46:57 on June  7, 2022               
TICRA-TOOLS>COMMAND OBJECT pattern_cut set ( file_name : cut_files/63.cut, class : pattern_cut)
 ----- TASK No. 255 -----     Started at 11:46:57 on June  7, 2022               
TICRA-TOOLS>COMMAND OBJECT pattern_cut get_field ( source : sequence(ref(radiating_horn)))
 ----- TASK No. 256 -----     Started at 11:46:57 on June  7, 2022               
 Total task time:  7.55 sec               
TICRA-TOOLS>COMMAND OBJECT eps_r set ( value : 0.792929292929293, class : real_variable)
 ----- TASK No. 257 -----     Started at 11:47:05 on June  7, 2022               
TICRA-TOOLS>COMMAND OBJECT loss_t set ( value : 0.2, class : real_variable)
 ----- TASK No. 258 -----     Started at 11:47:05 on June  7, 2022               
TICRA-TOOLS>COMMAND OBJECT pattern_cut set ( file_name : cut_files/64.cut, class : pattern_cut)
 ----- TASK No. 259 -----     Started at 11:47:05 on June  7, 2022               
TICRA-TOOLS>COMMAND OBJECT pattern_cut get_field ( source : sequence(ref(radiating_horn)))
 ----- TASK No. 260 -----     Started at 11:47:05 on June  7, 2022               
 Total task time:  7.55 sec               
TICRA-TOOLS>COMMAND OBJECT eps_r set ( value : 0.8131313131313131, class : real_variable)
 ----- TASK No. 261 -----     Started at 11:47:12 on June  7, 2022               
TICRA-TOOLS>COMMAND OBJECT loss_t set ( value : 0.2, class : real_variable)
 ----- TASK No. 262 -----     Started at 11:47:12 on June  7, 2022               
TICRA-TOOLS>COMMAND OBJECT pattern_cut set ( file_name : cut_files/65.cut, class : pattern_cut)
 ----- TASK No. 263 -----     Started at 11:47:12 on June  7, 2022               
TICRA-TOOLS>COMMAND OBJECT pattern_cut get_field ( source : sequence(ref(radiating_horn)))
 ----- TASK No. 264 -----     Started at 11:47:12 on June  7, 2022               
 Total task time:  7.67 sec               
TICRA-TOOLS>COMMAND OBJECT eps_r set ( value : 0.8333333333333335, class : real_variable)
 ----- TASK No. 265 -----     Started at 11:47:20 on June  7, 2022               
TICRA-TOOLS>COMMAND OBJECT loss_t set ( value : 0.2, class : real_variable)
 ----- TASK No. 266 -----     Started at 11:47:20 on June  7, 2022               
TICRA-TOOLS>COMMAND OBJECT pattern_cut set ( file_name : cut_files/66.cut, class : pattern_cut)
 ----- TASK No. 267 -----     Started at 11:47:20 on June  7, 2022               
TICRA-TOOLS>COMMAND OBJECT pattern_cut get_field ( source : sequence(ref(radiating_horn)))
 ----- TASK No. 268 -----     Started at 11:47:20 on June  7, 2022               
 Total task time:  7.63 sec               
TICRA-TOOLS>COMMAND OBJECT eps_r set ( value : 0.8535353535353536, class : real_variable)
 ----- TASK No. 269 -----     Started at 11:47:28 on June  7, 2022               
TICRA-TOOLS>COMMAND OBJECT loss_t set ( value : 0.2, class : real_variable)
 ----- TASK No. 270 -----     Started at 11:47:28 on June  7, 2022               
TICRA-TOOLS>COMMAND OBJECT pattern_cut set ( file_name : cut_files/67.cut, class : pattern_cut)
 ----- TASK No. 271 -----     Started at 11:47:28 on June  7, 2022               
TICRA-TOOLS>COMMAND OBJECT pattern_cut get_field ( source : sequence(ref(radiating_horn)))
 ----- TASK No. 272 -----     Started at 11:47:28 on June  7, 2022               
 Total task time:  7.63 sec               
TICRA-TOOLS>COMMAND OBJECT eps_r set ( value : 0.8737373737373739, class : real_variable)
 ----- TASK No. 273 -----     Started at 11:47:35 on June  7, 2022               
TICRA-TOOLS>COMMAND OBJECT loss_t set ( value : 0.2, class : real_variable)
 ----- TASK No. 274 -----     Started at 11:47:35 on June  7, 2022               
TICRA-TOOLS>COMMAND OBJECT pattern_cut set ( file_name : cut_files/68.cut, class : pattern_cut)
 ----- TASK No. 275 -----     Started at 11:47:35 on June  7, 2022               
TICRA-TOOLS>COMMAND OBJECT pattern_cut get_field ( source : sequence(ref(radiating_horn)))
 ----- TASK No. 276 -----     Started at 11:47:35 on June  7, 2022               
 Total task time:  7.62 sec               
TICRA-TOOLS>COMMAND OBJECT eps_r set ( value : 0.893939393939394, class : real_variable)
 ----- TASK No. 277 -----     Started at 11:47:43 on June  7, 2022               
TICRA-TOOLS>COMMAND OBJECT loss_t set ( value : 0.2, class : real_variable)
 ----- TASK No. 278 -----     Started at 11:47:43 on June  7, 2022               
TICRA-TOOLS>COMMAND OBJECT pattern_cut set ( file_name : cut_files/69.cut, class : pattern_cut)
 ----- TASK No. 279 -----     Started at 11:47:43 on June  7, 2022               
TICRA-TOOLS>COMMAND OBJECT pattern_cut get_field ( source : sequence(ref(radiating_horn)))
 ----- TASK No. 280 -----     Started at 11:47:43 on June  7, 2022               
 Total task time:  7.81 sec               
TICRA-TOOLS>COMMAND OBJECT eps_r set ( value : 0.9141414141414144, class : real_variable)
 ----- TASK No. 281 -----     Started at 11:47:51 on June  7, 2022               
TICRA-TOOLS>COMMAND OBJECT loss_t set ( value : 0.2, class : real_variable)
 ----- TASK No. 282 -----     Started at 11:47:51 on June  7, 2022               
TICRA-TOOLS>COMMAND OBJECT pattern_cut set ( file_name : cut_files/70.cut, class : pattern_cut)
 ----- TASK No. 283 -----     Started at 11:47:51 on June  7, 2022               
TICRA-TOOLS>COMMAND OBJECT pattern_cut get_field ( source : sequence(ref(radiating_horn)))
 ----- TASK No. 284 -----     Started at 11:47:51 on June  7, 2022               
 Total task time:  7.74 sec               
TICRA-TOOLS>COMMAND OBJECT eps_r set ( value : 0.9343434343434345, class : real_variable)
 ----- TASK No. 285 -----     Started at 11:47:59 on June  7, 2022               
TICRA-TOOLS>COMMAND OBJECT loss_t set ( value : 0.2, class : real_variable)
 ----- TASK No. 286 -----     Started at 11:47:59 on June  7, 2022               
TICRA-TOOLS>COMMAND OBJECT pattern_cut set ( file_name : cut_files/71.cut, class : pattern_cut)
 ----- TASK No. 287 -----     Started at 11:47:59 on June  7, 2022               
TICRA-TOOLS>COMMAND OBJECT pattern_cut get_field ( source : sequence(ref(radiating_horn)))
 ----- TASK No. 288 -----     Started at 11:47:59 on June  7, 2022               
 Total task time:  7.71 sec               
TICRA-TOOLS>COMMAND OBJECT eps_r set ( value : 0.9545454545454546, class : real_variable)
 ----- TASK No. 289 -----     Started at 11:48:06 on June  7, 2022               
TICRA-TOOLS>COMMAND OBJECT loss_t set ( value : 0.2, class : real_variable)
 ----- TASK No. 290 -----     Started at 11:48:06 on June  7, 2022               
TICRA-TOOLS>COMMAND OBJECT pattern_cut set ( file_name : cut_files/72.cut, class : pattern_cut)
 ----- TASK No. 291 -----     Started at 11:48:06 on June  7, 2022               
TICRA-TOOLS>COMMAND OBJECT pattern_cut get_field ( source : sequence(ref(radiating_horn)))
 ----- TASK No. 292 -----     Started at 11:48:06 on June  7, 2022               
 Total task time:  7.74 sec               
TICRA-TOOLS>COMMAND OBJECT eps_r set ( value : 0.9747474747474749, class : real_variable)
 ----- TASK No. 293 -----     Started at 11:48:14 on June  7, 2022               
TICRA-TOOLS>COMMAND OBJECT loss_t set ( value : 0.2, class : real_variable)
 ----- TASK No. 294 -----     Started at 11:48:14 on June  7, 2022               
TICRA-TOOLS>COMMAND OBJECT pattern_cut set ( file_name : cut_files/73.cut, class : pattern_cut)
 ----- TASK No. 295 -----     Started at 11:48:14 on June  7, 2022               
TICRA-TOOLS>COMMAND OBJECT pattern_cut get_field ( source : sequence(ref(radiating_horn)))
 ----- TASK No. 296 -----     Started at 11:48:14 on June  7, 2022               
 Total task time:  7.74 sec               
TICRA-TOOLS>COMMAND OBJECT eps_r set ( value : 0.994949494949495, class : real_variable)
 ----- TASK No. 297 -----     Started at 11:48:22 on June  7, 2022               
TICRA-TOOLS>COMMAND OBJECT loss_t set ( value : 0.2, class : real_variable)
 ----- TASK No. 298 -----     Started at 11:48:22 on June  7, 2022               
TICRA-TOOLS>COMMAND OBJECT pattern_cut set ( file_name : cut_files/74.cut, class : pattern_cut)
 ----- TASK No. 299 -----     Started at 11:48:22 on June  7, 2022               
TICRA-TOOLS>COMMAND OBJECT pattern_cut get_field ( source : sequence(ref(radiating_horn)))
 ----- TASK No. 300 -----     Started at 11:48:22 on June  7, 2022               
 Total task time:  7.76 sec               
TICRA-TOOLS>COMMAND OBJECT eps_r set ( value : 1.0151515151515154, class : real_variable)
 ----- TASK No. 301 -----     Started at 11:48:29 on June  7, 2022               
TICRA-TOOLS>COMMAND OBJECT loss_t set ( value : 0.2, class : real_variable)
 ----- TASK No. 302 -----     Started at 11:48:29 on June  7, 2022               
TICRA-TOOLS>COMMAND OBJECT pattern_cut set ( file_name : cut_files/75.cut, class : pattern_cut)
 ----- TASK No. 303 -----     Started at 11:48:29 on June  7, 2022               
TICRA-TOOLS>COMMAND OBJECT pattern_cut get_field ( source : sequence(ref(radiating_horn)))
 ----- TASK No. 304 -----     Started at 11:48:29 on June  7, 2022               
 Total task time:  7.68 sec               
TICRA-TOOLS>COMMAND OBJECT eps_r set ( value : 1.0353535353535355, class : real_variable)
 ----- TASK No. 305 -----     Started at 11:48:37 on June  7, 2022               
TICRA-TOOLS>COMMAND OBJECT loss_t set ( value : 0.2, class : real_variable)
 ----- TASK No. 306 -----     Started at 11:48:37 on June  7, 2022               
TICRA-TOOLS>COMMAND OBJECT pattern_cut set ( file_name : cut_files/76.cut, class : pattern_cut)
 ----- TASK No. 307 -----     Started at 11:48:37 on June  7, 2022               
TICRA-TOOLS>COMMAND OBJECT pattern_cut get_field ( source : sequence(ref(radiating_horn)))
 ----- TASK No. 308 -----     Started at 11:48:37 on June  7, 2022               
 Total task time:  7.71 sec               
TICRA-TOOLS>COMMAND OBJECT eps_r set ( value : 1.0555555555555556, class : real_variable)
 ----- TASK No. 309 -----     Started at 11:48:45 on June  7, 2022               
TICRA-TOOLS>COMMAND OBJECT loss_t set ( value : 0.2, class : real_variable)
 ----- TASK No. 310 -----     Started at 11:48:45 on June  7, 2022               
TICRA-TOOLS>COMMAND OBJECT pattern_cut set ( file_name : cut_files/77.cut, class : pattern_cut)
 ----- TASK No. 311 -----     Started at 11:48:45 on June  7, 2022               
TICRA-TOOLS>COMMAND OBJECT pattern_cut get_field ( source : sequence(ref(radiating_horn)))
 ----- TASK No. 312 -----     Started at 11:48:45 on June  7, 2022               
 Total task time:  7.81 sec               
TICRA-TOOLS>COMMAND OBJECT eps_r set ( value : 1.075757575757576, class : real_variable)
 ----- TASK No. 313 -----     Started at 11:48:53 on June  7, 2022               
TICRA-TOOLS>COMMAND OBJECT loss_t set ( value : 0.2, class : real_variable)
 ----- TASK No. 314 -----     Started at 11:48:53 on June  7, 2022               
TICRA-TOOLS>COMMAND OBJECT pattern_cut set ( file_name : cut_files/78.cut, class : pattern_cut)
 ----- TASK No. 315 -----     Started at 11:48:53 on June  7, 2022               
TICRA-TOOLS>COMMAND OBJECT pattern_cut get_field ( source : sequence(ref(radiating_horn)))
 ----- TASK No. 316 -----     Started at 11:48:53 on June  7, 2022               
 Total task time:  7.94 sec               
TICRA-TOOLS>COMMAND OBJECT eps_r set ( value : 1.095959595959596, class : real_variable)
 ----- TASK No. 317 -----     Started at 11:49:01 on June  7, 2022               
TICRA-TOOLS>COMMAND OBJECT loss_t set ( value : 0.2, class : real_variable)
 ----- TASK No. 318 -----     Started at 11:49:01 on June  7, 2022               
TICRA-TOOLS>COMMAND OBJECT pattern_cut set ( file_name : cut_files/79.cut, class : pattern_cut)
 ----- TASK No. 319 -----     Started at 11:49:01 on June  7, 2022               
TICRA-TOOLS>COMMAND OBJECT pattern_cut get_field ( source : sequence(ref(radiating_horn)))
 ----- TASK No. 320 -----     Started at 11:49:01 on June  7, 2022               
 Total task time:  8.05 sec               
TICRA-TOOLS>COMMAND OBJECT eps_r set ( value : 1.1161616161616164, class : real_variable)
 ----- TASK No. 321 -----     Started at 11:49:09 on June  7, 2022               
TICRA-TOOLS>COMMAND OBJECT loss_t set ( value : 0.2, class : real_variable)
 ----- TASK No. 322 -----     Started at 11:49:09 on June  7, 2022               
TICRA-TOOLS>COMMAND OBJECT pattern_cut set ( file_name : cut_files/80.cut, class : pattern_cut)
 ----- TASK No. 323 -----     Started at 11:49:09 on June  7, 2022               
TICRA-TOOLS>COMMAND OBJECT pattern_cut get_field ( source : sequence(ref(radiating_horn)))
 ----- TASK No. 324 -----     Started at 11:49:09 on June  7, 2022               
 Total task time:  7.85 sec               
TICRA-TOOLS>COMMAND OBJECT eps_r set ( value : 1.1363636363636365, class : real_variable)
 ----- TASK No. 325 -----     Started at 11:49:17 on June  7, 2022               
TICRA-TOOLS>COMMAND OBJECT loss_t set ( value : 0.2, class : real_variable)
 ----- TASK No. 326 -----     Started at 11:49:17 on June  7, 2022               
TICRA-TOOLS>COMMAND OBJECT pattern_cut set ( file_name : cut_files/81.cut, class : pattern_cut)
 ----- TASK No. 327 -----     Started at 11:49:17 on June  7, 2022               
TICRA-TOOLS>COMMAND OBJECT pattern_cut get_field ( source : sequence(ref(radiating_horn)))
 ----- TASK No. 328 -----     Started at 11:49:17 on June  7, 2022               
 Total task time:  7.85 sec               
TICRA-TOOLS>COMMAND OBJECT eps_r set ( value : 1.1565656565656568, class : real_variable)
 ----- TASK No. 329 -----     Started at 11:49:24 on June  7, 2022               
TICRA-TOOLS>COMMAND OBJECT loss_t set ( value : 0.2, class : real_variable)
 ----- TASK No. 330 -----     Started at 11:49:24 on June  7, 2022               
TICRA-TOOLS>COMMAND OBJECT pattern_cut set ( file_name : cut_files/82.cut, class : pattern_cut)
 ----- TASK No. 331 -----     Started at 11:49:24 on June  7, 2022               
TICRA-TOOLS>COMMAND OBJECT pattern_cut get_field ( source : sequence(ref(radiating_horn)))
 ----- TASK No. 332 -----     Started at 11:49:24 on June  7, 2022               
 Total task time:  7.81 sec               
TICRA-TOOLS>COMMAND OBJECT eps_r set ( value : 1.176767676767677, class : real_variable)
 ----- TASK No. 333 -----     Started at 11:49:32 on June  7, 2022               
TICRA-TOOLS>COMMAND OBJECT loss_t set ( value : 0.2, class : real_variable)
 ----- TASK No. 334 -----     Started at 11:49:32 on June  7, 2022               
TICRA-TOOLS>COMMAND OBJECT pattern_cut set ( file_name : cut_files/83.cut, class : pattern_cut)
 ----- TASK No. 335 -----     Started at 11:49:32 on June  7, 2022               
TICRA-TOOLS>COMMAND OBJECT pattern_cut get_field ( source : sequence(ref(radiating_horn)))
 ----- TASK No. 336 -----     Started at 11:49:32 on June  7, 2022               
 Total task time:  7.99 sec               
TICRA-TOOLS>COMMAND OBJECT eps_r set ( value : 1.196969696969697, class : real_variable)
 ----- TASK No. 337 -----     Started at 11:49:40 on June  7, 2022               
TICRA-TOOLS>COMMAND OBJECT loss_t set ( value : 0.2, class : real_variable)
 ----- TASK No. 338 -----     Started at 11:49:40 on June  7, 2022               
TICRA-TOOLS>COMMAND OBJECT pattern_cut set ( file_name : cut_files/84.cut, class : pattern_cut)
 ----- TASK No. 339 -----     Started at 11:49:40 on June  7, 2022               
TICRA-TOOLS>COMMAND OBJECT pattern_cut get_field ( source : sequence(ref(radiating_horn)))
 ----- TASK No. 340 -----     Started at 11:49:40 on June  7, 2022               
 Total task time:  7.97 sec               
TICRA-TOOLS>COMMAND OBJECT eps_r set ( value : 1.2171717171717173, class : real_variable)
 ----- TASK No. 341 -----     Started at 11:49:48 on June  7, 2022               
TICRA-TOOLS>COMMAND OBJECT loss_t set ( value : 0.2, class : real_variable)
 ----- TASK No. 342 -----     Started at 11:49:48 on June  7, 2022               
TICRA-TOOLS>COMMAND OBJECT pattern_cut set ( file_name : cut_files/85.cut, class : pattern_cut)
 ----- TASK No. 343 -----     Started at 11:49:48 on June  7, 2022               
TICRA-TOOLS>COMMAND OBJECT pattern_cut get_field ( source : sequence(ref(radiating_horn)))
 ----- TASK No. 344 -----     Started at 11:49:48 on June  7, 2022               
 Total task time:  8.10 sec               
TICRA-TOOLS>COMMAND OBJECT eps_r set ( value : 1.2373737373737375, class : real_variable)
 ----- TASK No. 345 -----     Started at 11:49:56 on June  7, 2022               
TICRA-TOOLS>COMMAND OBJECT loss_t set ( value : 0.2, class : real_variable)
 ----- TASK No. 346 -----     Started at 11:49:56 on June  7, 2022               
TICRA-TOOLS>COMMAND OBJECT pattern_cut set ( file_name : cut_files/86.cut, class : pattern_cut)
 ----- TASK No. 347 -----     Started at 11:49:56 on June  7, 2022               
TICRA-TOOLS>COMMAND OBJECT pattern_cut get_field ( source : sequence(ref(radiating_horn)))
 ----- TASK No. 348 -----     Started at 11:49:56 on June  7, 2022               
 Total task time:  7.98 sec               
TICRA-TOOLS>COMMAND OBJECT eps_r set ( value : 1.2575757575757578, class : real_variable)
 ----- TASK No. 349 -----     Started at 11:50:04 on June  7, 2022               
TICRA-TOOLS>COMMAND OBJECT loss_t set ( value : 0.2, class : real_variable)
 ----- TASK No. 350 -----     Started at 11:50:04 on June  7, 2022               
TICRA-TOOLS>COMMAND OBJECT pattern_cut set ( file_name : cut_files/87.cut, class : pattern_cut)
 ----- TASK No. 351 -----     Started at 11:50:04 on June  7, 2022               
TICRA-TOOLS>COMMAND OBJECT pattern_cut get_field ( source : sequence(ref(radiating_horn)))
 ----- TASK No. 352 -----     Started at 11:50:04 on June  7, 2022               
 Total task time:  8.14 sec               
TICRA-TOOLS>COMMAND OBJECT eps_r set ( value : 1.277777777777778, class : real_variable)
 ----- TASK No. 353 -----     Started at 11:50:12 on June  7, 2022               
TICRA-TOOLS>COMMAND OBJECT loss_t set ( value : 0.2, class : real_variable)
 ----- TASK No. 354 -----     Started at 11:50:12 on June  7, 2022               
TICRA-TOOLS>COMMAND OBJECT pattern_cut set ( file_name : cut_files/88.cut, class : pattern_cut)
 ----- TASK No. 355 -----     Started at 11:50:12 on June  7, 2022               
TICRA-TOOLS>COMMAND OBJECT pattern_cut get_field ( source : sequence(ref(radiating_horn)))
 ----- TASK No. 356 -----     Started at 11:50:12 on June  7, 2022               
 Total task time:  7.90 sec               
TICRA-TOOLS>COMMAND OBJECT eps_r set ( value : 1.2979797979797982, class : real_variable)
 ----- TASK No. 357 -----     Started at 11:50:20 on June  7, 2022               
TICRA-TOOLS>COMMAND OBJECT loss_t set ( value : 0.2, class : real_variable)
 ----- TASK No. 358 -----     Started at 11:50:20 on June  7, 2022               
TICRA-TOOLS>COMMAND OBJECT pattern_cut set ( file_name : cut_files/89.cut, class : pattern_cut)
 ----- TASK No. 359 -----     Started at 11:50:20 on June  7, 2022               
TICRA-TOOLS>COMMAND OBJECT pattern_cut get_field ( source : sequence(ref(radiating_horn)))
 ----- TASK No. 360 -----     Started at 11:50:20 on June  7, 2022               
 Total task time:  8.00 sec               
TICRA-TOOLS>COMMAND OBJECT eps_r set ( value : 1.3181818181818183, class : real_variable)
 ----- TASK No. 361 -----     Started at 11:50:28 on June  7, 2022               
TICRA-TOOLS>COMMAND OBJECT loss_t set ( value : 0.2, class : real_variable)
 ----- TASK No. 362 -----     Started at 11:50:28 on June  7, 2022               
TICRA-TOOLS>COMMAND OBJECT pattern_cut set ( file_name : cut_files/90.cut, class : pattern_cut)
 ----- TASK No. 363 -----     Started at 11:50:28 on June  7, 2022               
TICRA-TOOLS>COMMAND OBJECT pattern_cut get_field ( source : sequence(ref(radiating_horn)))
 ----- TASK No. 364 -----     Started at 11:50:28 on June  7, 2022               
 Total task time:  8.07 sec               
TICRA-TOOLS>COMMAND OBJECT eps_r set ( value : 1.3383838383838385, class : real_variable)
 ----- TASK No. 365 -----     Started at 11:50:36 on June  7, 2022               
TICRA-TOOLS>COMMAND OBJECT loss_t set ( value : 0.2, class : real_variable)
 ----- TASK No. 366 -----     Started at 11:50:36 on June  7, 2022               
TICRA-TOOLS>COMMAND OBJECT pattern_cut set ( file_name : cut_files/91.cut, class : pattern_cut)
 ----- TASK No. 367 -----     Started at 11:50:36 on June  7, 2022               
TICRA-TOOLS>COMMAND OBJECT pattern_cut get_field ( source : sequence(ref(radiating_horn)))
 ----- TASK No. 368 -----     Started at 11:50:36 on June  7, 2022               
 Total task time:  8.08 sec               
TICRA-TOOLS>COMMAND OBJECT eps_r set ( value : 1.3585858585858588, class : real_variable)
 ----- TASK No. 369 -----     Started at 11:50:44 on June  7, 2022               
TICRA-TOOLS>COMMAND OBJECT loss_t set ( value : 0.2, class : real_variable)
 ----- TASK No. 370 -----     Started at 11:50:44 on June  7, 2022               
TICRA-TOOLS>COMMAND OBJECT pattern_cut set ( file_name : cut_files/92.cut, class : pattern_cut)
 ----- TASK No. 371 -----     Started at 11:50:44 on June  7, 2022               
TICRA-TOOLS>COMMAND OBJECT pattern_cut get_field ( source : sequence(ref(radiating_horn)))
 ----- TASK No. 372 -----     Started at 11:50:45 on June  7, 2022               
 Total task time:  8.16 sec               
TICRA-TOOLS>COMMAND OBJECT eps_r set ( value : 1.378787878787879, class : real_variable)
 ----- TASK No. 373 -----     Started at 11:50:53 on June  7, 2022               
TICRA-TOOLS>COMMAND OBJECT loss_t set ( value : 0.2, class : real_variable)
 ----- TASK No. 374 -----     Started at 11:50:53 on June  7, 2022               
TICRA-TOOLS>COMMAND OBJECT pattern_cut set ( file_name : cut_files/93.cut, class : pattern_cut)
 ----- TASK No. 375 -----     Started at 11:50:53 on June  7, 2022               
TICRA-TOOLS>COMMAND OBJECT pattern_cut get_field ( source : sequence(ref(radiating_horn)))
 ----- TASK No. 376 -----     Started at 11:50:53 on June  7, 2022               
 Total task time:  7.95 sec               
TICRA-TOOLS>COMMAND OBJECT eps_r set ( value : 1.3989898989898992, class : real_variable)
 ----- TASK No. 377 -----     Started at 11:51:01 on June  7, 2022               
TICRA-TOOLS>COMMAND OBJECT loss_t set ( value : 0.2, class : real_variable)
 ----- TASK No. 378 -----     Started at 11:51:01 on June  7, 2022               
TICRA-TOOLS>COMMAND OBJECT pattern_cut set ( file_name : cut_files/94.cut, class : pattern_cut)
 ----- TASK No. 379 -----     Started at 11:51:01 on June  7, 2022               
TICRA-TOOLS>COMMAND OBJECT pattern_cut get_field ( source : sequence(ref(radiating_horn)))
 ----- TASK No. 380 -----     Started at 11:51:01 on June  7, 2022               
 Total task time:  8.07 sec               
TICRA-TOOLS>COMMAND OBJECT eps_r set ( value : 1.4191919191919193, class : real_variable)
 ----- TASK No. 381 -----     Started at 11:51:09 on June  7, 2022               
TICRA-TOOLS>COMMAND OBJECT loss_t set ( value : 0.2, class : real_variable)
 ----- TASK No. 382 -----     Started at 11:51:09 on June  7, 2022               
TICRA-TOOLS>COMMAND OBJECT pattern_cut set ( file_name : cut_files/95.cut, class : pattern_cut)
 ----- TASK No. 383 -----     Started at 11:51:09 on June  7, 2022               
TICRA-TOOLS>COMMAND OBJECT pattern_cut get_field ( source : sequence(ref(radiating_horn)))
 ----- TASK No. 384 -----     Started at 11:51:09 on June  7, 2022               
 Total task time:  8.22 sec               
TICRA-TOOLS>COMMAND OBJECT eps_r set ( value : 1.4393939393939394, class : real_variable)
 ----- TASK No. 385 -----     Started at 11:51:17 on June  7, 2022               
TICRA-TOOLS>COMMAND OBJECT loss_t set ( value : 0.2, class : real_variable)
 ----- TASK No. 386 -----     Started at 11:51:17 on June  7, 2022               
TICRA-TOOLS>COMMAND OBJECT pattern_cut set ( file_name : cut_files/96.cut, class : pattern_cut)
 ----- TASK No. 387 -----     Started at 11:51:17 on June  7, 2022               
TICRA-TOOLS>COMMAND OBJECT pattern_cut get_field ( source : sequence(ref(radiating_horn)))
 ----- TASK No. 388 -----     Started at 11:51:17 on June  7, 2022               
 Total task time:  8.22 sec               
TICRA-TOOLS>COMMAND OBJECT eps_r set ( value : 1.4595959595959598, class : real_variable)
 ----- TASK No. 389 -----     Started at 11:51:25 on June  7, 2022               
TICRA-TOOLS>COMMAND OBJECT loss_t set ( value : 0.2, class : real_variable)
 ----- TASK No. 390 -----     Started at 11:51:25 on June  7, 2022               
TICRA-TOOLS>COMMAND OBJECT pattern_cut set ( file_name : cut_files/97.cut, class : pattern_cut)
 ----- TASK No. 391 -----     Started at 11:51:25 on June  7, 2022               
TICRA-TOOLS>COMMAND OBJECT pattern_cut get_field ( source : sequence(ref(radiating_horn)))
 ----- TASK No. 392 -----     Started at 11:51:25 on June  7, 2022               
 Total task time:  8.15 sec               
TICRA-TOOLS>COMMAND OBJECT eps_r set ( value : 1.47979797979798, class : real_variable)
 ----- TASK No. 393 -----     Started at 11:51:33 on June  7, 2022               
TICRA-TOOLS>COMMAND OBJECT loss_t set ( value : 0.2, class : real_variable)
 ----- TASK No. 394 -----     Started at 11:51:33 on June  7, 2022               
TICRA-TOOLS>COMMAND OBJECT pattern_cut set ( file_name : cut_files/98.cut, class : pattern_cut)
 ----- TASK No. 395 -----     Started at 11:51:33 on June  7, 2022               
TICRA-TOOLS>COMMAND OBJECT pattern_cut get_field ( source : sequence(ref(radiating_horn)))
 ----- TASK No. 396 -----     Started at 11:51:33 on June  7, 2022               
 Total task time:  8.14 sec               
TICRA-TOOLS>COMMAND OBJECT eps_r set ( value : 1.5, class : real_variable)
 ----- TASK No. 397 -----     Started at 11:51:41 on June  7, 2022               
TICRA-TOOLS>COMMAND OBJECT loss_t set ( value : 0.2, class : real_variable)
 ----- TASK No. 398 -----     Started at 11:51:41 on June  7, 2022               
TICRA-TOOLS>COMMAND OBJECT pattern_cut set ( file_name : cut_files/99.cut, class : pattern_cut)
 ----- TASK No. 399 -----     Started at 11:51:41 on June  7, 2022               
TICRA-TOOLS>COMMAND OBJECT pattern_cut get_field ( source : sequence(ref(radiating_horn)))
 ----- TASK No. 400 -----     Started at 11:51:41 on June  7, 2022               
 Total task time:  8.19 sec               
TICRA-TOOLS>QUIT
 ----- END OF TASKS -----     Completed at 11:51:50 on June  7, 2022             
 Total time was 12:03 min
 Program stopped at 11:51:50 on  7 June 2022
