Index freq_ind_model_design_main_focal_length_over_diameter freq_ind_model_design_reflector_diameter freq_ind_model_design_offset_over_diameter
    0 +8.0000000000E-01                                     +1.0000000000E-01                        +0.0000000000E+00                         
    1 +8.0000000000E-01                                     +1.0000000000E-01                        +3.0303030303E-02                         
    2 +8.0000000000E-01                                     +1.0000000000E-01                        +6.0606060606E-02                         
    3 +8.0000000000E-01                                     +1.0000000000E-01                        +9.0909090909E-02                         
    4 +8.0000000000E-01                                     +1.0000000000E-01                        +1.2121212121E-01                         
    5 +8.0000000000E-01                                     +1.0000000000E-01                        +1.5151515152E-01                         
    6 +8.0000000000E-01                                     +1.0000000000E-01                        +1.8181818182E-01                         
    7 +8.0000000000E-01                                     +1.0000000000E-01                        +2.1212121212E-01                         
    8 +8.0000000000E-01                                     +1.0000000000E-01                        +2.4242424242E-01                         
    9 +8.0000000000E-01                                     +1.0000000000E-01                        +2.7272727273E-01                         
   10 +8.0000000000E-01                                     +1.0000000000E-01                        +3.0303030303E-01                         
   11 +8.0000000000E-01                                     +1.0000000000E-01                        +3.3333333333E-01                         
   12 +8.0000000000E-01                                     +1.0000000000E-01                        +3.6363636364E-01                         
   13 +8.0000000000E-01                                     +1.0000000000E-01                        +3.9393939394E-01                         
   14 +8.0000000000E-01                                     +1.0000000000E-01                        +4.2424242424E-01                         
   15 +8.0000000000E-01                                     +1.0000000000E-01                        +4.5454545455E-01                         
   16 +8.0000000000E-01                                     +1.0000000000E-01                        +4.8484848485E-01                         
   17 +8.0000000000E-01                                     +1.0000000000E-01                        +5.1515151515E-01                         
   18 +8.0000000000E-01                                     +1.0000000000E-01                        +5.4545454545E-01                         
   19 +8.0000000000E-01                                     +1.0000000000E-01                        +5.7575757576E-01                         
   20 +8.0000000000E-01                                     +1.0000000000E-01                        +6.0606060606E-01                         
   21 +8.0000000000E-01                                     +1.0000000000E-01                        +6.3636363636E-01                         
   22 +8.0000000000E-01                                     +1.0000000000E-01                        +6.6666666667E-01                         
   23 +8.0000000000E-01                                     +1.0000000000E-01                        +6.9696969697E-01                         
   24 +8.0000000000E-01                                     +1.0000000000E-01                        +7.2727272727E-01                         
   25 +8.0000000000E-01                                     +1.0000000000E-01                        +7.5757575758E-01                         
   26 +8.0000000000E-01                                     +1.0000000000E-01                        +7.8787878788E-01                         
   27 +8.0000000000E-01                                     +1.0000000000E-01                        +8.1818181818E-01                         
   28 +8.0000000000E-01                                     +1.0000000000E-01                        +8.4848484848E-01                         
   29 +8.0000000000E-01                                     +1.0000000000E-01                        +8.7878787879E-01                         
   30 +8.0000000000E-01                                     +1.0000000000E-01                        +9.0909090909E-01                         
   31 +8.0000000000E-01                                     +1.0000000000E-01                        +9.3939393939E-01                         
   32 +8.0000000000E-01                                     +1.0000000000E-01                        +9.6969696970E-01                         
   33 +8.0000000000E-01                                     +1.0000000000E-01                        +1.0000000000E+00                         
   34 +8.0000000000E-01                                     +1.0000000000E-01                        +1.0303030303E+00                         
   35 +8.0000000000E-01                                     +1.0000000000E-01                        +1.0606060606E+00                         
   36 +8.0000000000E-01                                     +1.0000000000E-01                        +1.0909090909E+00                         
   37 +8.0000000000E-01                                     +1.0000000000E-01                        +1.1212121212E+00                         
   38 +8.0000000000E-01                                     +1.0000000000E-01                        +1.1515151515E+00                         
   39 +8.0000000000E-01                                     +1.0000000000E-01                        +1.1818181818E+00                         
   40 +8.0000000000E-01                                     +1.0000000000E-01                        +1.2121212121E+00                         
   41 +8.0000000000E-01                                     +1.0000000000E-01                        +1.2424242424E+00                         
   42 +8.0000000000E-01                                     +1.0000000000E-01                        +1.2727272727E+00                         
   43 +8.0000000000E-01                                     +1.0000000000E-01                        +1.3030303030E+00                         
   44 +8.0000000000E-01                                     +1.0000000000E-01                        +1.3333333333E+00                         
   45 +8.0000000000E-01                                     +1.0000000000E-01                        +1.3636363636E+00                         
   46 +8.0000000000E-01                                     +1.0000000000E-01                        +1.3939393939E+00                         
   47 +8.0000000000E-01                                     +1.0000000000E-01                        +1.4242424242E+00                         
   48 +8.0000000000E-01                                     +1.0000000000E-01                        +1.4545454545E+00                         
   49 +8.0000000000E-01                                     +1.0000000000E-01                        +1.4848484848E+00                         
   50 +8.0000000000E-01                                     +1.0000000000E-01                        +1.5151515152E+00                         
   51 +8.0000000000E-01                                     +1.0000000000E-01                        +1.5454545455E+00                         
   52 +8.0000000000E-01                                     +1.0000000000E-01                        +1.5757575758E+00                         
   53 +8.0000000000E-01                                     +1.0000000000E-01                        +1.6060606061E+00                         
   54 +8.0000000000E-01                                     +1.0000000000E-01                        +1.6363636364E+00                         
   55 +8.0000000000E-01                                     +1.0000000000E-01                        +1.6666666667E+00                         
   56 +8.0000000000E-01                                     +1.0000000000E-01                        +1.6969696970E+00                         
   57 +8.0000000000E-01                                     +1.0000000000E-01                        +1.7272727273E+00                         
   58 +8.0000000000E-01                                     +1.0000000000E-01                        +1.7575757576E+00                         
   59 +8.0000000000E-01                                     +1.0000000000E-01                        +1.7878787879E+00                         
   60 +8.0000000000E-01                                     +1.0000000000E-01                        +1.8181818182E+00                         
   61 +8.0000000000E-01                                     +1.0000000000E-01                        +1.8484848485E+00                         
   62 +8.0000000000E-01                                     +1.0000000000E-01                        +1.8787878788E+00                         
   63 +8.0000000000E-01                                     +1.0000000000E-01                        +1.9090909091E+00                         
   64 +8.0000000000E-01                                     +1.0000000000E-01                        +1.9393939394E+00                         
   65 +8.0000000000E-01                                     +1.0000000000E-01                        +1.9696969697E+00                         
   66 +8.0000000000E-01                                     +1.0000000000E-01                        +2.0000000000E+00                         
   67 +8.0000000000E-01                                     +1.0000000000E-01                        +2.0303030303E+00                         
   68 +8.0000000000E-01                                     +1.0000000000E-01                        +2.0606060606E+00                         
   69 +8.0000000000E-01                                     +1.0000000000E-01                        +2.0909090909E+00                         
   70 +8.0000000000E-01                                     +1.0000000000E-01                        +2.1212121212E+00                         
   71 +8.0000000000E-01                                     +1.0000000000E-01                        +2.1515151515E+00                         
   72 +8.0000000000E-01                                     +1.0000000000E-01                        +2.1818181818E+00                         
   73 +8.0000000000E-01                                     +1.0000000000E-01                        +2.2121212121E+00                         
   74 +8.0000000000E-01                                     +1.0000000000E-01                        +2.2424242424E+00                         
   75 +8.0000000000E-01                                     +1.0000000000E-01                        +2.2727272727E+00                         
   76 +8.0000000000E-01                                     +1.0000000000E-01                        +2.3030303030E+00                         
   77 +8.0000000000E-01                                     +1.0000000000E-01                        +2.3333333333E+00                         
   78 +8.0000000000E-01                                     +1.0000000000E-01                        +2.3636363636E+00                         
   79 +8.0000000000E-01                                     +1.0000000000E-01                        +2.3939393939E+00                         
   80 +8.0000000000E-01                                     +1.0000000000E-01                        +2.4242424242E+00                         
   81 +8.0000000000E-01                                     +1.0000000000E-01                        +2.4545454545E+00                         
   82 +8.0000000000E-01                                     +1.0000000000E-01                        +2.4848484848E+00                         
   83 +8.0000000000E-01                                     +1.0000000000E-01                        +2.5151515152E+00                         
   84 +8.0000000000E-01                                     +1.0000000000E-01                        +2.5454545455E+00                         
   85 +8.0000000000E-01                                     +1.0000000000E-01                        +2.5757575758E+00                         
   86 +8.0000000000E-01                                     +1.0000000000E-01                        +2.6060606061E+00                         
   87 +8.0000000000E-01                                     +1.0000000000E-01                        +2.6363636364E+00                         
   88 +8.0000000000E-01                                     +1.0000000000E-01                        +2.6666666667E+00                         
   89 +8.0000000000E-01                                     +1.0000000000E-01                        +2.6969696970E+00                         
   90 +8.0000000000E-01                                     +1.0000000000E-01                        +2.7272727273E+00                         
   91 +8.0000000000E-01                                     +1.0000000000E-01                        +2.7575757576E+00                         
   92 +8.0000000000E-01                                     +1.0000000000E-01                        +2.7878787879E+00                         
   93 +8.0000000000E-01                                     +1.0000000000E-01                        +2.8181818182E+00                         
   94 +8.0000000000E-01                                     +1.0000000000E-01                        +2.8484848485E+00                         
   95 +8.0000000000E-01                                     +1.0000000000E-01                        +2.8787878788E+00                         
   96 +8.0000000000E-01                                     +1.0000000000E-01                        +2.9090909091E+00                         
   97 +8.0000000000E-01                                     +1.0000000000E-01                        +2.9393939394E+00                         
   98 +8.0000000000E-01                                     +1.0000000000E-01                        +2.9696969697E+00                         
   99 +8.0000000000E-01                                     +1.0000000000E-01                        +3.0000000000E+00                         
