Index freq_ind_model_design_main_focal_length_over_diameter freq_ind_model_design_reflector_diameter freq_ind_model_design_offset_over_diameter
    0 +8.0000000000E-01                                     +2.0000000000E-02                        +1.5000000000E+00                         
    1 +8.0000000000E-01                                     +2.3838383838E-02                        +1.5000000000E+00                         
    2 +8.0000000000E-01                                     +2.7676767677E-02                        +1.5000000000E+00                         
    3 +8.0000000000E-01                                     +3.1515151515E-02                        +1.5000000000E+00                         
    4 +8.0000000000E-01                                     +3.5353535354E-02                        +1.5000000000E+00                         
    5 +8.0000000000E-01                                     +3.9191919192E-02                        +1.5000000000E+00                         
    6 +8.0000000000E-01                                     +4.3030303030E-02                        +1.5000000000E+00                         
    7 +8.0000000000E-01                                     +4.6868686869E-02                        +1.5000000000E+00                         
    8 +8.0000000000E-01                                     +5.0707070707E-02                        +1.5000000000E+00                         
    9 +8.0000000000E-01                                     +5.4545454545E-02                        +1.5000000000E+00                         
   10 +8.0000000000E-01                                     +5.8383838384E-02                        +1.5000000000E+00                         
   11 +8.0000000000E-01                                     +6.2222222222E-02                        +1.5000000000E+00                         
   12 +8.0000000000E-01                                     +6.6060606061E-02                        +1.5000000000E+00                         
   13 +8.0000000000E-01                                     +6.9898989899E-02                        +1.5000000000E+00                         
   14 +8.0000000000E-01                                     +7.3737373737E-02                        +1.5000000000E+00                         
   15 +8.0000000000E-01                                     +7.7575757576E-02                        +1.5000000000E+00                         
   16 +8.0000000000E-01                                     +8.1414141414E-02                        +1.5000000000E+00                         
   17 +8.0000000000E-01                                     +8.5252525253E-02                        +1.5000000000E+00                         
   18 +8.0000000000E-01                                     +8.9090909091E-02                        +1.5000000000E+00                         
   19 +8.0000000000E-01                                     +9.2929292929E-02                        +1.5000000000E+00                         
   20 +8.0000000000E-01                                     +9.6767676768E-02                        +1.5000000000E+00                         
   21 +8.0000000000E-01                                     +1.0060606061E-01                        +1.5000000000E+00                         
   22 +8.0000000000E-01                                     +1.0444444444E-01                        +1.5000000000E+00                         
   23 +8.0000000000E-01                                     +1.0828282828E-01                        +1.5000000000E+00                         
   24 +8.0000000000E-01                                     +1.1212121212E-01                        +1.5000000000E+00                         
   25 +8.0000000000E-01                                     +1.1595959596E-01                        +1.5000000000E+00                         
   26 +8.0000000000E-01                                     +1.1979797980E-01                        +1.5000000000E+00                         
   27 +8.0000000000E-01                                     +1.2363636364E-01                        +1.5000000000E+00                         
   28 +8.0000000000E-01                                     +1.2747474747E-01                        +1.5000000000E+00                         
   29 +8.0000000000E-01                                     +1.3131313131E-01                        +1.5000000000E+00                         
   30 +8.0000000000E-01                                     +1.3515151515E-01                        +1.5000000000E+00                         
   31 +8.0000000000E-01                                     +1.3898989899E-01                        +1.5000000000E+00                         
   32 +8.0000000000E-01                                     +1.4282828283E-01                        +1.5000000000E+00                         
   33 +8.0000000000E-01                                     +1.4666666667E-01                        +1.5000000000E+00                         
   34 +8.0000000000E-01                                     +1.5050505051E-01                        +1.5000000000E+00                         
   35 +8.0000000000E-01                                     +1.5434343434E-01                        +1.5000000000E+00                         
   36 +8.0000000000E-01                                     +1.5818181818E-01                        +1.5000000000E+00                         
   37 +8.0000000000E-01                                     +1.6202020202E-01                        +1.5000000000E+00                         
   38 +8.0000000000E-01                                     +1.6585858586E-01                        +1.5000000000E+00                         
   39 +8.0000000000E-01                                     +1.6969696970E-01                        +1.5000000000E+00                         
   40 +8.0000000000E-01                                     +1.7353535354E-01                        +1.5000000000E+00                         
   41 +8.0000000000E-01                                     +1.7737373737E-01                        +1.5000000000E+00                         
   42 +8.0000000000E-01                                     +1.8121212121E-01                        +1.5000000000E+00                         
   43 +8.0000000000E-01                                     +1.8505050505E-01                        +1.5000000000E+00                         
   44 +8.0000000000E-01                                     +1.8888888889E-01                        +1.5000000000E+00                         
   45 +8.0000000000E-01                                     +1.9272727273E-01                        +1.5000000000E+00                         
   46 +8.0000000000E-01                                     +1.9656565657E-01                        +1.5000000000E+00                         
   47 +8.0000000000E-01                                     +2.0040404040E-01                        +1.5000000000E+00                         
   48 +8.0000000000E-01                                     +2.0424242424E-01                        +1.5000000000E+00                         
   49 +8.0000000000E-01                                     +2.0808080808E-01                        +1.5000000000E+00                         
   50 +8.0000000000E-01                                     +2.1191919192E-01                        +1.5000000000E+00                         
   51 +8.0000000000E-01                                     +2.1575757576E-01                        +1.5000000000E+00                         
   52 +8.0000000000E-01                                     +2.1959595960E-01                        +1.5000000000E+00                         
   53 +8.0000000000E-01                                     +2.2343434343E-01                        +1.5000000000E+00                         
   54 +8.0000000000E-01                                     +2.2727272727E-01                        +1.5000000000E+00                         
   55 +8.0000000000E-01                                     +2.3111111111E-01                        +1.5000000000E+00                         
   56 +8.0000000000E-01                                     +2.3494949495E-01                        +1.5000000000E+00                         
   57 +8.0000000000E-01                                     +2.3878787879E-01                        +1.5000000000E+00                         
   58 +8.0000000000E-01                                     +2.4262626263E-01                        +1.5000000000E+00                         
   59 +8.0000000000E-01                                     +2.4646464646E-01                        +1.5000000000E+00                         
   60 +8.0000000000E-01                                     +2.5030303030E-01                        +1.5000000000E+00                         
   61 +8.0000000000E-01                                     +2.5414141414E-01                        +1.5000000000E+00                         
   62 +8.0000000000E-01                                     +2.5797979798E-01                        +1.5000000000E+00                         
   63 +8.0000000000E-01                                     +2.6181818182E-01                        +1.5000000000E+00                         
   64 +8.0000000000E-01                                     +2.6565656566E-01                        +1.5000000000E+00                         
   65 +8.0000000000E-01                                     +2.6949494949E-01                        +1.5000000000E+00                         
   66 +8.0000000000E-01                                     +2.7333333333E-01                        +1.5000000000E+00                         
   67 +8.0000000000E-01                                     +2.7717171717E-01                        +1.5000000000E+00                         
   68 +8.0000000000E-01                                     +2.8101010101E-01                        +1.5000000000E+00                         
   69 +8.0000000000E-01                                     +2.8484848485E-01                        +1.5000000000E+00                         
   70 +8.0000000000E-01                                     +2.8868686869E-01                        +1.5000000000E+00                         
   71 +8.0000000000E-01                                     +2.9252525253E-01                        +1.5000000000E+00                         
   72 +8.0000000000E-01                                     +2.9636363636E-01                        +1.5000000000E+00                         
   73 +8.0000000000E-01                                     +3.0020202020E-01                        +1.5000000000E+00                         
   74 +8.0000000000E-01                                     +3.0404040404E-01                        +1.5000000000E+00                         
   75 +8.0000000000E-01                                     +3.0787878788E-01                        +1.5000000000E+00                         
   76 +8.0000000000E-01                                     +3.1171717172E-01                        +1.5000000000E+00                         
   77 +8.0000000000E-01                                     +3.1555555556E-01                        +1.5000000000E+00                         
   78 +8.0000000000E-01                                     +3.1939393939E-01                        +1.5000000000E+00                         
   79 +8.0000000000E-01                                     +3.2323232323E-01                        +1.5000000000E+00                         
   80 +8.0000000000E-01                                     +3.2707070707E-01                        +1.5000000000E+00                         
   81 +8.0000000000E-01                                     +3.3090909091E-01                        +1.5000000000E+00                         
   82 +8.0000000000E-01                                     +3.3474747475E-01                        +1.5000000000E+00                         
   83 +8.0000000000E-01                                     +3.3858585859E-01                        +1.5000000000E+00                         
   84 +8.0000000000E-01                                     +3.4242424242E-01                        +1.5000000000E+00                         
   85 +8.0000000000E-01                                     +3.4626262626E-01                        +1.5000000000E+00                         
   86 +8.0000000000E-01                                     +3.5010101010E-01                        +1.5000000000E+00                         
   87 +8.0000000000E-01                                     +3.5393939394E-01                        +1.5000000000E+00                         
   88 +8.0000000000E-01                                     +3.5777777778E-01                        +1.5000000000E+00                         
   89 +8.0000000000E-01                                     +3.6161616162E-01                        +1.5000000000E+00                         
   90 +8.0000000000E-01                                     +3.6545454545E-01                        +1.5000000000E+00                         
   91 +8.0000000000E-01                                     +3.6929292929E-01                        +1.5000000000E+00                         
   92 +8.0000000000E-01                                     +3.7313131313E-01                        +1.5000000000E+00                         
   93 +8.0000000000E-01                                     +3.7696969697E-01                        +1.5000000000E+00                         
   94 +8.0000000000E-01                                     +3.8080808081E-01                        +1.5000000000E+00                         
   95 +8.0000000000E-01                                     +3.8464646465E-01                        +1.5000000000E+00                         
   96 +8.0000000000E-01                                     +3.8848484848E-01                        +1.5000000000E+00                         
   97 +8.0000000000E-01                                     +3.9232323232E-01                        +1.5000000000E+00                         
   98 +8.0000000000E-01                                     +3.9616161616E-01                        +1.5000000000E+00                         
   99 +8.0000000000E-01                                     +4.0000000000E-01                        +1.5000000000E+00                         
