Index freq_ind_model_design_main_focal_length_over_diameter freq_ind_model_design_reflector_diameter freq_ind_model_design_offset_over_diameter
    0 +4.0000000000E-01                                     +2.0000000000E-02                        +0.0000000000E+00                         
    1 +4.0000000000E-01                                     +6.2222222222E-02                        +0.0000000000E+00                         
    2 +4.0000000000E-01                                     +1.0444444444E-01                        +0.0000000000E+00                         
    3 +4.0000000000E-01                                     +1.4666666667E-01                        +0.0000000000E+00                         
    4 +4.0000000000E-01                                     +1.8888888889E-01                        +0.0000000000E+00                         
    5 +4.0000000000E-01                                     +2.3111111111E-01                        +0.0000000000E+00                         
    6 +4.0000000000E-01                                     +2.7333333333E-01                        +0.0000000000E+00                         
    7 +4.0000000000E-01                                     +3.1555555556E-01                        +0.0000000000E+00                         
    8 +4.0000000000E-01                                     +3.5777777778E-01                        +0.0000000000E+00                         
    9 +4.0000000000E-01                                     +4.0000000000E-01                        +0.0000000000E+00                         
   10 +5.6000000000E-01                                     +2.0000000000E-02                        +0.0000000000E+00                         
   11 +5.6000000000E-01                                     +6.2222222222E-02                        +0.0000000000E+00                         
   12 +5.6000000000E-01                                     +1.0444444444E-01                        +0.0000000000E+00                         
   13 +5.6000000000E-01                                     +1.4666666667E-01                        +0.0000000000E+00                         
   14 +5.6000000000E-01                                     +1.8888888889E-01                        +0.0000000000E+00                         
   15 +5.6000000000E-01                                     +2.3111111111E-01                        +0.0000000000E+00                         
   16 +5.6000000000E-01                                     +2.7333333333E-01                        +0.0000000000E+00                         
   17 +5.6000000000E-01                                     +3.1555555556E-01                        +0.0000000000E+00                         
   18 +5.6000000000E-01                                     +3.5777777778E-01                        +0.0000000000E+00                         
   19 +5.6000000000E-01                                     +4.0000000000E-01                        +0.0000000000E+00                         
   20 +7.2000000000E-01                                     +2.0000000000E-02                        +0.0000000000E+00                         
   21 +7.2000000000E-01                                     +6.2222222222E-02                        +0.0000000000E+00                         
   22 +7.2000000000E-01                                     +1.0444444444E-01                        +0.0000000000E+00                         
   23 +7.2000000000E-01                                     +1.4666666667E-01                        +0.0000000000E+00                         
   24 +7.2000000000E-01                                     +1.8888888889E-01                        +0.0000000000E+00                         
   25 +7.2000000000E-01                                     +2.3111111111E-01                        +0.0000000000E+00                         
   26 +7.2000000000E-01                                     +2.7333333333E-01                        +0.0000000000E+00                         
   27 +7.2000000000E-01                                     +3.1555555556E-01                        +0.0000000000E+00                         
   28 +7.2000000000E-01                                     +3.5777777778E-01                        +0.0000000000E+00                         
   29 +7.2000000000E-01                                     +4.0000000000E-01                        +0.0000000000E+00                         
   30 +8.8000000000E-01                                     +2.0000000000E-02                        +0.0000000000E+00                         
   31 +8.8000000000E-01                                     +6.2222222222E-02                        +0.0000000000E+00                         
   32 +8.8000000000E-01                                     +1.0444444444E-01                        +0.0000000000E+00                         
   33 +8.8000000000E-01                                     +1.4666666667E-01                        +0.0000000000E+00                         
   34 +8.8000000000E-01                                     +1.8888888889E-01                        +0.0000000000E+00                         
   35 +8.8000000000E-01                                     +2.3111111111E-01                        +0.0000000000E+00                         
   36 +8.8000000000E-01                                     +2.7333333333E-01                        +0.0000000000E+00                         
   37 +8.8000000000E-01                                     +3.1555555556E-01                        +0.0000000000E+00                         
   38 +8.8000000000E-01                                     +3.5777777778E-01                        +0.0000000000E+00                         
   39 +8.8000000000E-01                                     +4.0000000000E-01                        +0.0000000000E+00                         
   40 +1.0400000000E+00                                     +2.0000000000E-02                        +0.0000000000E+00                         
   41 +1.0400000000E+00                                     +6.2222222222E-02                        +0.0000000000E+00                         
   42 +1.0400000000E+00                                     +1.0444444444E-01                        +0.0000000000E+00                         
   43 +1.0400000000E+00                                     +1.4666666667E-01                        +0.0000000000E+00                         
   44 +1.0400000000E+00                                     +1.8888888889E-01                        +0.0000000000E+00                         
   45 +1.0400000000E+00                                     +2.3111111111E-01                        +0.0000000000E+00                         
   46 +1.0400000000E+00                                     +2.7333333333E-01                        +0.0000000000E+00                         
   47 +1.0400000000E+00                                     +3.1555555556E-01                        +0.0000000000E+00                         
   48 +1.0400000000E+00                                     +3.5777777778E-01                        +0.0000000000E+00                         
   49 +1.0400000000E+00                                     +4.0000000000E-01                        +0.0000000000E+00                         
   50 +1.2000000000E+00                                     +2.0000000000E-02                        +0.0000000000E+00                         
   51 +1.2000000000E+00                                     +6.2222222222E-02                        +0.0000000000E+00                         
   52 +1.2000000000E+00                                     +1.0444444444E-01                        +0.0000000000E+00                         
   53 +1.2000000000E+00                                     +1.4666666667E-01                        +0.0000000000E+00                         
   54 +1.2000000000E+00                                     +1.8888888889E-01                        +0.0000000000E+00                         
   55 +1.2000000000E+00                                     +2.3111111111E-01                        +0.0000000000E+00                         
   56 +1.2000000000E+00                                     +2.7333333333E-01                        +0.0000000000E+00                         
   57 +1.2000000000E+00                                     +3.1555555556E-01                        +0.0000000000E+00                         
   58 +1.2000000000E+00                                     +3.5777777778E-01                        +0.0000000000E+00                         
   59 +1.2000000000E+00                                     +4.0000000000E-01                        +0.0000000000E+00                         
   60 +4.0000000000E-01                                     +2.0000000000E-02                        +6.0000000000E-01                         
   61 +4.0000000000E-01                                     +6.2222222222E-02                        +6.0000000000E-01                         
   62 +4.0000000000E-01                                     +1.0444444444E-01                        +6.0000000000E-01                         
   63 +4.0000000000E-01                                     +1.4666666667E-01                        +6.0000000000E-01                         
   64 +4.0000000000E-01                                     +1.8888888889E-01                        +6.0000000000E-01                         
   65 +4.0000000000E-01                                     +2.3111111111E-01                        +6.0000000000E-01                         
   66 +4.0000000000E-01                                     +2.7333333333E-01                        +6.0000000000E-01                         
   67 +4.0000000000E-01                                     +3.1555555556E-01                        +6.0000000000E-01                         
   68 +4.0000000000E-01                                     +3.5777777778E-01                        +6.0000000000E-01                         
   69 +4.0000000000E-01                                     +4.0000000000E-01                        +6.0000000000E-01                         
   70 +5.6000000000E-01                                     +2.0000000000E-02                        +6.0000000000E-01                         
   71 +5.6000000000E-01                                     +6.2222222222E-02                        +6.0000000000E-01                         
   72 +5.6000000000E-01                                     +1.0444444444E-01                        +6.0000000000E-01                         
   73 +5.6000000000E-01                                     +1.4666666667E-01                        +6.0000000000E-01                         
   74 +5.6000000000E-01                                     +1.8888888889E-01                        +6.0000000000E-01                         
   75 +5.6000000000E-01                                     +2.3111111111E-01                        +6.0000000000E-01                         
   76 +5.6000000000E-01                                     +2.7333333333E-01                        +6.0000000000E-01                         
   77 +5.6000000000E-01                                     +3.1555555556E-01                        +6.0000000000E-01                         
   78 +5.6000000000E-01                                     +3.5777777778E-01                        +6.0000000000E-01                         
   79 +5.6000000000E-01                                     +4.0000000000E-01                        +6.0000000000E-01                         
   80 +7.2000000000E-01                                     +2.0000000000E-02                        +6.0000000000E-01                         
   81 +7.2000000000E-01                                     +6.2222222222E-02                        +6.0000000000E-01                         
   82 +7.2000000000E-01                                     +1.0444444444E-01                        +6.0000000000E-01                         
   83 +7.2000000000E-01                                     +1.4666666667E-01                        +6.0000000000E-01                         
   84 +7.2000000000E-01                                     +1.8888888889E-01                        +6.0000000000E-01                         
   85 +7.2000000000E-01                                     +2.3111111111E-01                        +6.0000000000E-01                         
   86 +7.2000000000E-01                                     +2.7333333333E-01                        +6.0000000000E-01                         
   87 +7.2000000000E-01                                     +3.1555555556E-01                        +6.0000000000E-01                         
   88 +7.2000000000E-01                                     +3.5777777778E-01                        +6.0000000000E-01                         
   89 +7.2000000000E-01                                     +4.0000000000E-01                        +6.0000000000E-01                         
   90 +8.8000000000E-01                                     +2.0000000000E-02                        +6.0000000000E-01                         
   91 +8.8000000000E-01                                     +6.2222222222E-02                        +6.0000000000E-01                         
   92 +8.8000000000E-01                                     +1.0444444444E-01                        +6.0000000000E-01                         
   93 +8.8000000000E-01                                     +1.4666666667E-01                        +6.0000000000E-01                         
   94 +8.8000000000E-01                                     +1.8888888889E-01                        +6.0000000000E-01                         
   95 +8.8000000000E-01                                     +2.3111111111E-01                        +6.0000000000E-01                         
   96 +8.8000000000E-01                                     +2.7333333333E-01                        +6.0000000000E-01                         
   97 +8.8000000000E-01                                     +3.1555555556E-01                        +6.0000000000E-01                         
   98 +8.8000000000E-01                                     +3.5777777778E-01                        +6.0000000000E-01                         
   99 +8.8000000000E-01                                     +4.0000000000E-01                        +6.0000000000E-01                         
  100 +1.0400000000E+00                                     +2.0000000000E-02                        +6.0000000000E-01                         
  101 +1.0400000000E+00                                     +6.2222222222E-02                        +6.0000000000E-01                         
  102 +1.0400000000E+00                                     +1.0444444444E-01                        +6.0000000000E-01                         
  103 +1.0400000000E+00                                     +1.4666666667E-01                        +6.0000000000E-01                         
  104 +1.0400000000E+00                                     +1.8888888889E-01                        +6.0000000000E-01                         
  105 +1.0400000000E+00                                     +2.3111111111E-01                        +6.0000000000E-01                         
  106 +1.0400000000E+00                                     +2.7333333333E-01                        +6.0000000000E-01                         
  107 +1.0400000000E+00                                     +3.1555555556E-01                        +6.0000000000E-01                         
  108 +1.0400000000E+00                                     +3.5777777778E-01                        +6.0000000000E-01                         
  109 +1.0400000000E+00                                     +4.0000000000E-01                        +6.0000000000E-01                         
  110 +1.2000000000E+00                                     +2.0000000000E-02                        +6.0000000000E-01                         
  111 +1.2000000000E+00                                     +6.2222222222E-02                        +6.0000000000E-01                         
  112 +1.2000000000E+00                                     +1.0444444444E-01                        +6.0000000000E-01                         
  113 +1.2000000000E+00                                     +1.4666666667E-01                        +6.0000000000E-01                         
  114 +1.2000000000E+00                                     +1.8888888889E-01                        +6.0000000000E-01                         
  115 +1.2000000000E+00                                     +2.3111111111E-01                        +6.0000000000E-01                         
  116 +1.2000000000E+00                                     +2.7333333333E-01                        +6.0000000000E-01                         
  117 +1.2000000000E+00                                     +3.1555555556E-01                        +6.0000000000E-01                         
  118 +1.2000000000E+00                                     +3.5777777778E-01                        +6.0000000000E-01                         
  119 +1.2000000000E+00                                     +4.0000000000E-01                        +6.0000000000E-01                         
  120 +4.0000000000E-01                                     +2.0000000000E-02                        +1.2000000000E+00                         
  121 +4.0000000000E-01                                     +6.2222222222E-02                        +1.2000000000E+00                         
  122 +4.0000000000E-01                                     +1.0444444444E-01                        +1.2000000000E+00                         
  123 +4.0000000000E-01                                     +1.4666666667E-01                        +1.2000000000E+00                         
  124 +4.0000000000E-01                                     +1.8888888889E-01                        +1.2000000000E+00                         
  125 +4.0000000000E-01                                     +2.3111111111E-01                        +1.2000000000E+00                         
  126 +4.0000000000E-01                                     +2.7333333333E-01                        +1.2000000000E+00                         
  127 +4.0000000000E-01                                     +3.1555555556E-01                        +1.2000000000E+00                         
  128 +4.0000000000E-01                                     +3.5777777778E-01                        +1.2000000000E+00                         
  129 +4.0000000000E-01                                     +4.0000000000E-01                        +1.2000000000E+00                         
  130 +5.6000000000E-01                                     +2.0000000000E-02                        +1.2000000000E+00                         
  131 +5.6000000000E-01                                     +6.2222222222E-02                        +1.2000000000E+00                         
  132 +5.6000000000E-01                                     +1.0444444444E-01                        +1.2000000000E+00                         
  133 +5.6000000000E-01                                     +1.4666666667E-01                        +1.2000000000E+00                         
  134 +5.6000000000E-01                                     +1.8888888889E-01                        +1.2000000000E+00                         
  135 +5.6000000000E-01                                     +2.3111111111E-01                        +1.2000000000E+00                         
  136 +5.6000000000E-01                                     +2.7333333333E-01                        +1.2000000000E+00                         
  137 +5.6000000000E-01                                     +3.1555555556E-01                        +1.2000000000E+00                         
  138 +5.6000000000E-01                                     +3.5777777778E-01                        +1.2000000000E+00                         
  139 +5.6000000000E-01                                     +4.0000000000E-01                        +1.2000000000E+00                         
  140 +7.2000000000E-01                                     +2.0000000000E-02                        +1.2000000000E+00                         
  141 +7.2000000000E-01                                     +6.2222222222E-02                        +1.2000000000E+00                         
  142 +7.2000000000E-01                                     +1.0444444444E-01                        +1.2000000000E+00                         
  143 +7.2000000000E-01                                     +1.4666666667E-01                        +1.2000000000E+00                         
  144 +7.2000000000E-01                                     +1.8888888889E-01                        +1.2000000000E+00                         
  145 +7.2000000000E-01                                     +2.3111111111E-01                        +1.2000000000E+00                         
  146 +7.2000000000E-01                                     +2.7333333333E-01                        +1.2000000000E+00                         
  147 +7.2000000000E-01                                     +3.1555555556E-01                        +1.2000000000E+00                         
  148 +7.2000000000E-01                                     +3.5777777778E-01                        +1.2000000000E+00                         
  149 +7.2000000000E-01                                     +4.0000000000E-01                        +1.2000000000E+00                         
  150 +8.8000000000E-01                                     +2.0000000000E-02                        +1.2000000000E+00                         
  151 +8.8000000000E-01                                     +6.2222222222E-02                        +1.2000000000E+00                         
  152 +8.8000000000E-01                                     +1.0444444444E-01                        +1.2000000000E+00                         
  153 +8.8000000000E-01                                     +1.4666666667E-01                        +1.2000000000E+00                         
  154 +8.8000000000E-01                                     +1.8888888889E-01                        +1.2000000000E+00                         
  155 +8.8000000000E-01                                     +2.3111111111E-01                        +1.2000000000E+00                         
  156 +8.8000000000E-01                                     +2.7333333333E-01                        +1.2000000000E+00                         
  157 +8.8000000000E-01                                     +3.1555555556E-01                        +1.2000000000E+00                         
  158 +8.8000000000E-01                                     +3.5777777778E-01                        +1.2000000000E+00                         
  159 +8.8000000000E-01                                     +4.0000000000E-01                        +1.2000000000E+00                         
  160 +1.0400000000E+00                                     +2.0000000000E-02                        +1.2000000000E+00                         
  161 +1.0400000000E+00                                     +6.2222222222E-02                        +1.2000000000E+00                         
  162 +1.0400000000E+00                                     +1.0444444444E-01                        +1.2000000000E+00                         
  163 +1.0400000000E+00                                     +1.4666666667E-01                        +1.2000000000E+00                         
  164 +1.0400000000E+00                                     +1.8888888889E-01                        +1.2000000000E+00                         
  165 +1.0400000000E+00                                     +2.3111111111E-01                        +1.2000000000E+00                         
  166 +1.0400000000E+00                                     +2.7333333333E-01                        +1.2000000000E+00                         
  167 +1.0400000000E+00                                     +3.1555555556E-01                        +1.2000000000E+00                         
  168 +1.0400000000E+00                                     +3.5777777778E-01                        +1.2000000000E+00                         
  169 +1.0400000000E+00                                     +4.0000000000E-01                        +1.2000000000E+00                         
  170 +1.2000000000E+00                                     +2.0000000000E-02                        +1.2000000000E+00                         
  171 +1.2000000000E+00                                     +6.2222222222E-02                        +1.2000000000E+00                         
  172 +1.2000000000E+00                                     +1.0444444444E-01                        +1.2000000000E+00                         
  173 +1.2000000000E+00                                     +1.4666666667E-01                        +1.2000000000E+00                         
  174 +1.2000000000E+00                                     +1.8888888889E-01                        +1.2000000000E+00                         
  175 +1.2000000000E+00                                     +2.3111111111E-01                        +1.2000000000E+00                         
  176 +1.2000000000E+00                                     +2.7333333333E-01                        +1.2000000000E+00                         
  177 +1.2000000000E+00                                     +3.1555555556E-01                        +1.2000000000E+00                         
  178 +1.2000000000E+00                                     +3.5777777778E-01                        +1.2000000000E+00                         
  179 +1.2000000000E+00                                     +4.0000000000E-01                        +1.2000000000E+00                         
  180 +4.0000000000E-01                                     +2.0000000000E-02                        +1.8000000000E+00                         
  181 +4.0000000000E-01                                     +6.2222222222E-02                        +1.8000000000E+00                         
  182 +4.0000000000E-01                                     +1.0444444444E-01                        +1.8000000000E+00                         
  183 +4.0000000000E-01                                     +1.4666666667E-01                        +1.8000000000E+00                         
  184 +4.0000000000E-01                                     +1.8888888889E-01                        +1.8000000000E+00                         
  185 +4.0000000000E-01                                     +2.3111111111E-01                        +1.8000000000E+00                         
  186 +4.0000000000E-01                                     +2.7333333333E-01                        +1.8000000000E+00                         
  187 +4.0000000000E-01                                     +3.1555555556E-01                        +1.8000000000E+00                         
  188 +4.0000000000E-01                                     +3.5777777778E-01                        +1.8000000000E+00                         
  189 +4.0000000000E-01                                     +4.0000000000E-01                        +1.8000000000E+00                         
  190 +5.6000000000E-01                                     +2.0000000000E-02                        +1.8000000000E+00                         
  191 +5.6000000000E-01                                     +6.2222222222E-02                        +1.8000000000E+00                         
  192 +5.6000000000E-01                                     +1.0444444444E-01                        +1.8000000000E+00                         
  193 +5.6000000000E-01                                     +1.4666666667E-01                        +1.8000000000E+00                         
  194 +5.6000000000E-01                                     +1.8888888889E-01                        +1.8000000000E+00                         
  195 +5.6000000000E-01                                     +2.3111111111E-01                        +1.8000000000E+00                         
  196 +5.6000000000E-01                                     +2.7333333333E-01                        +1.8000000000E+00                         
  197 +5.6000000000E-01                                     +3.1555555556E-01                        +1.8000000000E+00                         
  198 +5.6000000000E-01                                     +3.5777777778E-01                        +1.8000000000E+00                         
  199 +5.6000000000E-01                                     +4.0000000000E-01                        +1.8000000000E+00                         
  200 +7.2000000000E-01                                     +2.0000000000E-02                        +1.8000000000E+00                         
  201 +7.2000000000E-01                                     +6.2222222222E-02                        +1.8000000000E+00                         
  202 +7.2000000000E-01                                     +1.0444444444E-01                        +1.8000000000E+00                         
  203 +7.2000000000E-01                                     +1.4666666667E-01                        +1.8000000000E+00                         
  204 +7.2000000000E-01                                     +1.8888888889E-01                        +1.8000000000E+00                         
  205 +7.2000000000E-01                                     +2.3111111111E-01                        +1.8000000000E+00                         
  206 +7.2000000000E-01                                     +2.7333333333E-01                        +1.8000000000E+00                         
  207 +7.2000000000E-01                                     +3.1555555556E-01                        +1.8000000000E+00                         
  208 +7.2000000000E-01                                     +3.5777777778E-01                        +1.8000000000E+00                         
  209 +7.2000000000E-01                                     +4.0000000000E-01                        +1.8000000000E+00                         
  210 +8.8000000000E-01                                     +2.0000000000E-02                        +1.8000000000E+00                         
  211 +8.8000000000E-01                                     +6.2222222222E-02                        +1.8000000000E+00                         
  212 +8.8000000000E-01                                     +1.0444444444E-01                        +1.8000000000E+00                         
  213 +8.8000000000E-01                                     +1.4666666667E-01                        +1.8000000000E+00                         
  214 +8.8000000000E-01                                     +1.8888888889E-01                        +1.8000000000E+00                         
  215 +8.8000000000E-01                                     +2.3111111111E-01                        +1.8000000000E+00                         
  216 +8.8000000000E-01                                     +2.7333333333E-01                        +1.8000000000E+00                         
  217 +8.8000000000E-01                                     +3.1555555556E-01                        +1.8000000000E+00                         
  218 +8.8000000000E-01                                     +3.5777777778E-01                        +1.8000000000E+00                         
  219 +8.8000000000E-01                                     +4.0000000000E-01                        +1.8000000000E+00                         
  220 +1.0400000000E+00                                     +2.0000000000E-02                        +1.8000000000E+00                         
  221 +1.0400000000E+00                                     +6.2222222222E-02                        +1.8000000000E+00                         
  222 +1.0400000000E+00                                     +1.0444444444E-01                        +1.8000000000E+00                         
  223 +1.0400000000E+00                                     +1.4666666667E-01                        +1.8000000000E+00                         
  224 +1.0400000000E+00                                     +1.8888888889E-01                        +1.8000000000E+00                         
  225 +1.0400000000E+00                                     +2.3111111111E-01                        +1.8000000000E+00                         
  226 +1.0400000000E+00                                     +2.7333333333E-01                        +1.8000000000E+00                         
  227 +1.0400000000E+00                                     +3.1555555556E-01                        +1.8000000000E+00                         
  228 +1.0400000000E+00                                     +3.5777777778E-01                        +1.8000000000E+00                         
  229 +1.0400000000E+00                                     +4.0000000000E-01                        +1.8000000000E+00                         
  230 +1.2000000000E+00                                     +2.0000000000E-02                        +1.8000000000E+00                         
  231 +1.2000000000E+00                                     +6.2222222222E-02                        +1.8000000000E+00                         
  232 +1.2000000000E+00                                     +1.0444444444E-01                        +1.8000000000E+00                         
  233 +1.2000000000E+00                                     +1.4666666667E-01                        +1.8000000000E+00                         
  234 +1.2000000000E+00                                     +1.8888888889E-01                        +1.8000000000E+00                         
  235 +1.2000000000E+00                                     +2.3111111111E-01                        +1.8000000000E+00                         
  236 +1.2000000000E+00                                     +2.7333333333E-01                        +1.8000000000E+00                         
  237 +1.2000000000E+00                                     +3.1555555556E-01                        +1.8000000000E+00                         
  238 +1.2000000000E+00                                     +3.5777777778E-01                        +1.8000000000E+00                         
  239 +1.2000000000E+00                                     +4.0000000000E-01                        +1.8000000000E+00                         
  240 +4.0000000000E-01                                     +2.0000000000E-02                        +2.4000000000E+00                         
  241 +4.0000000000E-01                                     +6.2222222222E-02                        +2.4000000000E+00                         
  242 +4.0000000000E-01                                     +1.0444444444E-01                        +2.4000000000E+00                         
  243 +4.0000000000E-01                                     +1.4666666667E-01                        +2.4000000000E+00                         
  244 +4.0000000000E-01                                     +1.8888888889E-01                        +2.4000000000E+00                         
  245 +4.0000000000E-01                                     +2.3111111111E-01                        +2.4000000000E+00                         
  246 +4.0000000000E-01                                     +2.7333333333E-01                        +2.4000000000E+00                         
  247 +4.0000000000E-01                                     +3.1555555556E-01                        +2.4000000000E+00                         
  248 +4.0000000000E-01                                     +3.5777777778E-01                        +2.4000000000E+00                         
  249 +4.0000000000E-01                                     +4.0000000000E-01                        +2.4000000000E+00                         
  250 +5.6000000000E-01                                     +2.0000000000E-02                        +2.4000000000E+00                         
  251 +5.6000000000E-01                                     +6.2222222222E-02                        +2.4000000000E+00                         
  252 +5.6000000000E-01                                     +1.0444444444E-01                        +2.4000000000E+00                         
  253 +5.6000000000E-01                                     +1.4666666667E-01                        +2.4000000000E+00                         
  254 +5.6000000000E-01                                     +1.8888888889E-01                        +2.4000000000E+00                         
  255 +5.6000000000E-01                                     +2.3111111111E-01                        +2.4000000000E+00                         
  256 +5.6000000000E-01                                     +2.7333333333E-01                        +2.4000000000E+00                         
  257 +5.6000000000E-01                                     +3.1555555556E-01                        +2.4000000000E+00                         
  258 +5.6000000000E-01                                     +3.5777777778E-01                        +2.4000000000E+00                         
  259 +5.6000000000E-01                                     +4.0000000000E-01                        +2.4000000000E+00                         
  260 +7.2000000000E-01                                     +2.0000000000E-02                        +2.4000000000E+00                         
  261 +7.2000000000E-01                                     +6.2222222222E-02                        +2.4000000000E+00                         
  262 +7.2000000000E-01                                     +1.0444444444E-01                        +2.4000000000E+00                         
  263 +7.2000000000E-01                                     +1.4666666667E-01                        +2.4000000000E+00                         
  264 +7.2000000000E-01                                     +1.8888888889E-01                        +2.4000000000E+00                         
  265 +7.2000000000E-01                                     +2.3111111111E-01                        +2.4000000000E+00                         
  266 +7.2000000000E-01                                     +2.7333333333E-01                        +2.4000000000E+00                         
  267 +7.2000000000E-01                                     +3.1555555556E-01                        +2.4000000000E+00                         
  268 +7.2000000000E-01                                     +3.5777777778E-01                        +2.4000000000E+00                         
  269 +7.2000000000E-01                                     +4.0000000000E-01                        +2.4000000000E+00                         
  270 +8.8000000000E-01                                     +2.0000000000E-02                        +2.4000000000E+00                         
  271 +8.8000000000E-01                                     +6.2222222222E-02                        +2.4000000000E+00                         
  272 +8.8000000000E-01                                     +1.0444444444E-01                        +2.4000000000E+00                         
  273 +8.8000000000E-01                                     +1.4666666667E-01                        +2.4000000000E+00                         
  274 +8.8000000000E-01                                     +1.8888888889E-01                        +2.4000000000E+00                         
  275 +8.8000000000E-01                                     +2.3111111111E-01                        +2.4000000000E+00                         
  276 +8.8000000000E-01                                     +2.7333333333E-01                        +2.4000000000E+00                         
  277 +8.8000000000E-01                                     +3.1555555556E-01                        +2.4000000000E+00                         
  278 +8.8000000000E-01                                     +3.5777777778E-01                        +2.4000000000E+00                         
  279 +8.8000000000E-01                                     +4.0000000000E-01                        +2.4000000000E+00                         
  280 +1.0400000000E+00                                     +2.0000000000E-02                        +2.4000000000E+00                         
  281 +1.0400000000E+00                                     +6.2222222222E-02                        +2.4000000000E+00                         
  282 +1.0400000000E+00                                     +1.0444444444E-01                        +2.4000000000E+00                         
  283 +1.0400000000E+00                                     +1.4666666667E-01                        +2.4000000000E+00                         
  284 +1.0400000000E+00                                     +1.8888888889E-01                        +2.4000000000E+00                         
  285 +1.0400000000E+00                                     +2.3111111111E-01                        +2.4000000000E+00                         
  286 +1.0400000000E+00                                     +2.7333333333E-01                        +2.4000000000E+00                         
  287 +1.0400000000E+00                                     +3.1555555556E-01                        +2.4000000000E+00                         
  288 +1.0400000000E+00                                     +3.5777777778E-01                        +2.4000000000E+00                         
  289 +1.0400000000E+00                                     +4.0000000000E-01                        +2.4000000000E+00                         
  290 +1.2000000000E+00                                     +2.0000000000E-02                        +2.4000000000E+00                         
  291 +1.2000000000E+00                                     +6.2222222222E-02                        +2.4000000000E+00                         
  292 +1.2000000000E+00                                     +1.0444444444E-01                        +2.4000000000E+00                         
  293 +1.2000000000E+00                                     +1.4666666667E-01                        +2.4000000000E+00                         
  294 +1.2000000000E+00                                     +1.8888888889E-01                        +2.4000000000E+00                         
  295 +1.2000000000E+00                                     +2.3111111111E-01                        +2.4000000000E+00                         
  296 +1.2000000000E+00                                     +2.7333333333E-01                        +2.4000000000E+00                         
  297 +1.2000000000E+00                                     +3.1555555556E-01                        +2.4000000000E+00                         
  298 +1.2000000000E+00                                     +3.5777777778E-01                        +2.4000000000E+00                         
  299 +1.2000000000E+00                                     +4.0000000000E-01                        +2.4000000000E+00                         
  300 +4.0000000000E-01                                     +2.0000000000E-02                        +3.0000000000E+00                         
  301 +4.0000000000E-01                                     +6.2222222222E-02                        +3.0000000000E+00                         
  302 +4.0000000000E-01                                     +1.0444444444E-01                        +3.0000000000E+00                         
  303 +4.0000000000E-01                                     +1.4666666667E-01                        +3.0000000000E+00                         
  304 +4.0000000000E-01                                     +1.8888888889E-01                        +3.0000000000E+00                         
  305 +4.0000000000E-01                                     +2.3111111111E-01                        +3.0000000000E+00                         
  306 +4.0000000000E-01                                     +2.7333333333E-01                        +3.0000000000E+00                         
  307 +4.0000000000E-01                                     +3.1555555556E-01                        +3.0000000000E+00                         
  308 +4.0000000000E-01                                     +3.5777777778E-01                        +3.0000000000E+00                         
  309 +4.0000000000E-01                                     +4.0000000000E-01                        +3.0000000000E+00                         
  310 +5.6000000000E-01                                     +2.0000000000E-02                        +3.0000000000E+00                         
  311 +5.6000000000E-01                                     +6.2222222222E-02                        +3.0000000000E+00                         
  312 +5.6000000000E-01                                     +1.0444444444E-01                        +3.0000000000E+00                         
  313 +5.6000000000E-01                                     +1.4666666667E-01                        +3.0000000000E+00                         
  314 +5.6000000000E-01                                     +1.8888888889E-01                        +3.0000000000E+00                         
  315 +5.6000000000E-01                                     +2.3111111111E-01                        +3.0000000000E+00                         
  316 +5.6000000000E-01                                     +2.7333333333E-01                        +3.0000000000E+00                         
  317 +5.6000000000E-01                                     +3.1555555556E-01                        +3.0000000000E+00                         
  318 +5.6000000000E-01                                     +3.5777777778E-01                        +3.0000000000E+00                         
  319 +5.6000000000E-01                                     +4.0000000000E-01                        +3.0000000000E+00                         
  320 +7.2000000000E-01                                     +2.0000000000E-02                        +3.0000000000E+00                         
  321 +7.2000000000E-01                                     +6.2222222222E-02                        +3.0000000000E+00                         
  322 +7.2000000000E-01                                     +1.0444444444E-01                        +3.0000000000E+00                         
  323 +7.2000000000E-01                                     +1.4666666667E-01                        +3.0000000000E+00                         
  324 +7.2000000000E-01                                     +1.8888888889E-01                        +3.0000000000E+00                         
  325 +7.2000000000E-01                                     +2.3111111111E-01                        +3.0000000000E+00                         
  326 +7.2000000000E-01                                     +2.7333333333E-01                        +3.0000000000E+00                         
  327 +7.2000000000E-01                                     +3.1555555556E-01                        +3.0000000000E+00                         
  328 +7.2000000000E-01                                     +3.5777777778E-01                        +3.0000000000E+00                         
  329 +7.2000000000E-01                                     +4.0000000000E-01                        +3.0000000000E+00                         
  330 +8.8000000000E-01                                     +2.0000000000E-02                        +3.0000000000E+00                         
  331 +8.8000000000E-01                                     +6.2222222222E-02                        +3.0000000000E+00                         
  332 +8.8000000000E-01                                     +1.0444444444E-01                        +3.0000000000E+00                         
  333 +8.8000000000E-01                                     +1.4666666667E-01                        +3.0000000000E+00                         
  334 +8.8000000000E-01                                     +1.8888888889E-01                        +3.0000000000E+00                         
  335 +8.8000000000E-01                                     +2.3111111111E-01                        +3.0000000000E+00                         
  336 +8.8000000000E-01                                     +2.7333333333E-01                        +3.0000000000E+00                         
  337 +8.8000000000E-01                                     +3.1555555556E-01                        +3.0000000000E+00                         
  338 +8.8000000000E-01                                     +3.5777777778E-01                        +3.0000000000E+00                         
  339 +8.8000000000E-01                                     +4.0000000000E-01                        +3.0000000000E+00                         
  340 +1.0400000000E+00                                     +2.0000000000E-02                        +3.0000000000E+00                         
  341 +1.0400000000E+00                                     +6.2222222222E-02                        +3.0000000000E+00                         
  342 +1.0400000000E+00                                     +1.0444444444E-01                        +3.0000000000E+00                         
  343 +1.0400000000E+00                                     +1.4666666667E-01                        +3.0000000000E+00                         
  344 +1.0400000000E+00                                     +1.8888888889E-01                        +3.0000000000E+00                         
  345 +1.0400000000E+00                                     +2.3111111111E-01                        +3.0000000000E+00                         
  346 +1.0400000000E+00                                     +2.7333333333E-01                        +3.0000000000E+00                         
  347 +1.0400000000E+00                                     +3.1555555556E-01                        +3.0000000000E+00                         
  348 +1.0400000000E+00                                     +3.5777777778E-01                        +3.0000000000E+00                         
  349 +1.0400000000E+00                                     +4.0000000000E-01                        +3.0000000000E+00                         
  350 +1.2000000000E+00                                     +2.0000000000E-02                        +3.0000000000E+00                         
  351 +1.2000000000E+00                                     +6.2222222222E-02                        +3.0000000000E+00                         
  352 +1.2000000000E+00                                     +1.0444444444E-01                        +3.0000000000E+00                         
  353 +1.2000000000E+00                                     +1.4666666667E-01                        +3.0000000000E+00                         
  354 +1.2000000000E+00                                     +1.8888888889E-01                        +3.0000000000E+00                         
  355 +1.2000000000E+00                                     +2.3111111111E-01                        +3.0000000000E+00                         
  356 +1.2000000000E+00                                     +2.7333333333E-01                        +3.0000000000E+00                         
  357 +1.2000000000E+00                                     +3.1555555556E-01                        +3.0000000000E+00                         
  358 +1.2000000000E+00                                     +3.5777777778E-01                        +3.0000000000E+00                         
  359 +1.2000000000E+00                                     +4.0000000000E-01                        +3.0000000000E+00                         
