Index freq_ind_model_design_main_focal_length_over_diameter freq_ind_model_design_reflector_diameter freq_ind_model_design_offset_over_diameter
    0 +4.0000000000E-01                                     +1.0000000000E-01                        +1.5000000000E+00                         
    1 +4.0808080808E-01                                     +1.0000000000E-01                        +1.5000000000E+00                         
    2 +4.1616161616E-01                                     +1.0000000000E-01                        +1.5000000000E+00                         
    3 +4.2424242424E-01                                     +1.0000000000E-01                        +1.5000000000E+00                         
    4 +4.3232323232E-01                                     +1.0000000000E-01                        +1.5000000000E+00                         
    5 +4.4040404040E-01                                     +1.0000000000E-01                        +1.5000000000E+00                         
    6 +4.4848484848E-01                                     +1.0000000000E-01                        +1.5000000000E+00                         
    7 +4.5656565657E-01                                     +1.0000000000E-01                        +1.5000000000E+00                         
    8 +4.6464646465E-01                                     +1.0000000000E-01                        +1.5000000000E+00                         
    9 +4.7272727273E-01                                     +1.0000000000E-01                        +1.5000000000E+00                         
   10 +4.8080808081E-01                                     +1.0000000000E-01                        +1.5000000000E+00                         
   11 +4.8888888889E-01                                     +1.0000000000E-01                        +1.5000000000E+00                         
   12 +4.9696969697E-01                                     +1.0000000000E-01                        +1.5000000000E+00                         
   13 +5.0505050505E-01                                     +1.0000000000E-01                        +1.5000000000E+00                         
   14 +5.1313131313E-01                                     +1.0000000000E-01                        +1.5000000000E+00                         
   15 +5.2121212121E-01                                     +1.0000000000E-01                        +1.5000000000E+00                         
   16 +5.2929292929E-01                                     +1.0000000000E-01                        +1.5000000000E+00                         
   17 +5.3737373737E-01                                     +1.0000000000E-01                        +1.5000000000E+00                         
   18 +5.4545454545E-01                                     +1.0000000000E-01                        +1.5000000000E+00                         
   19 +5.5353535354E-01                                     +1.0000000000E-01                        +1.5000000000E+00                         
   20 +5.6161616162E-01                                     +1.0000000000E-01                        +1.5000000000E+00                         
   21 +5.6969696970E-01                                     +1.0000000000E-01                        +1.5000000000E+00                         
   22 +5.7777777778E-01                                     +1.0000000000E-01                        +1.5000000000E+00                         
   23 +5.8585858586E-01                                     +1.0000000000E-01                        +1.5000000000E+00                         
   24 +5.9393939394E-01                                     +1.0000000000E-01                        +1.5000000000E+00                         
   25 +6.0202020202E-01                                     +1.0000000000E-01                        +1.5000000000E+00                         
   26 +6.1010101010E-01                                     +1.0000000000E-01                        +1.5000000000E+00                         
   27 +6.1818181818E-01                                     +1.0000000000E-01                        +1.5000000000E+00                         
   28 +6.2626262626E-01                                     +1.0000000000E-01                        +1.5000000000E+00                         
   29 +6.3434343434E-01                                     +1.0000000000E-01                        +1.5000000000E+00                         
   30 +6.4242424242E-01                                     +1.0000000000E-01                        +1.5000000000E+00                         
   31 +6.5050505051E-01                                     +1.0000000000E-01                        +1.5000000000E+00                         
   32 +6.5858585859E-01                                     +1.0000000000E-01                        +1.5000000000E+00                         
   33 +6.6666666667E-01                                     +1.0000000000E-01                        +1.5000000000E+00                         
   34 +6.7474747475E-01                                     +1.0000000000E-01                        +1.5000000000E+00                         
   35 +6.8282828283E-01                                     +1.0000000000E-01                        +1.5000000000E+00                         
   36 +6.9090909091E-01                                     +1.0000000000E-01                        +1.5000000000E+00                         
   37 +6.9898989899E-01                                     +1.0000000000E-01                        +1.5000000000E+00                         
   38 +7.0707070707E-01                                     +1.0000000000E-01                        +1.5000000000E+00                         
   39 +7.1515151515E-01                                     +1.0000000000E-01                        +1.5000000000E+00                         
   40 +7.2323232323E-01                                     +1.0000000000E-01                        +1.5000000000E+00                         
   41 +7.3131313131E-01                                     +1.0000000000E-01                        +1.5000000000E+00                         
   42 +7.3939393939E-01                                     +1.0000000000E-01                        +1.5000000000E+00                         
   43 +7.4747474747E-01                                     +1.0000000000E-01                        +1.5000000000E+00                         
   44 +7.5555555556E-01                                     +1.0000000000E-01                        +1.5000000000E+00                         
   45 +7.6363636364E-01                                     +1.0000000000E-01                        +1.5000000000E+00                         
   46 +7.7171717172E-01                                     +1.0000000000E-01                        +1.5000000000E+00                         
   47 +7.7979797980E-01                                     +1.0000000000E-01                        +1.5000000000E+00                         
   48 +7.8787878788E-01                                     +1.0000000000E-01                        +1.5000000000E+00                         
   49 +7.9595959596E-01                                     +1.0000000000E-01                        +1.5000000000E+00                         
   50 +8.0404040404E-01                                     +1.0000000000E-01                        +1.5000000000E+00                         
   51 +8.1212121212E-01                                     +1.0000000000E-01                        +1.5000000000E+00                         
   52 +8.2020202020E-01                                     +1.0000000000E-01                        +1.5000000000E+00                         
   53 +8.2828282828E-01                                     +1.0000000000E-01                        +1.5000000000E+00                         
   54 +8.3636363636E-01                                     +1.0000000000E-01                        +1.5000000000E+00                         
   55 +8.4444444444E-01                                     +1.0000000000E-01                        +1.5000000000E+00                         
   56 +8.5252525253E-01                                     +1.0000000000E-01                        +1.5000000000E+00                         
   57 +8.6060606061E-01                                     +1.0000000000E-01                        +1.5000000000E+00                         
   58 +8.6868686869E-01                                     +1.0000000000E-01                        +1.5000000000E+00                         
   59 +8.7676767677E-01                                     +1.0000000000E-01                        +1.5000000000E+00                         
   60 +8.8484848485E-01                                     +1.0000000000E-01                        +1.5000000000E+00                         
   61 +8.9292929293E-01                                     +1.0000000000E-01                        +1.5000000000E+00                         
   62 +9.0101010101E-01                                     +1.0000000000E-01                        +1.5000000000E+00                         
   63 +9.0909090909E-01                                     +1.0000000000E-01                        +1.5000000000E+00                         
   64 +9.1717171717E-01                                     +1.0000000000E-01                        +1.5000000000E+00                         
   65 +9.2525252525E-01                                     +1.0000000000E-01                        +1.5000000000E+00                         
   66 +9.3333333333E-01                                     +1.0000000000E-01                        +1.5000000000E+00                         
   67 +9.4141414141E-01                                     +1.0000000000E-01                        +1.5000000000E+00                         
   68 +9.4949494949E-01                                     +1.0000000000E-01                        +1.5000000000E+00                         
   69 +9.5757575758E-01                                     +1.0000000000E-01                        +1.5000000000E+00                         
   70 +9.6565656566E-01                                     +1.0000000000E-01                        +1.5000000000E+00                         
   71 +9.7373737374E-01                                     +1.0000000000E-01                        +1.5000000000E+00                         
   72 +9.8181818182E-01                                     +1.0000000000E-01                        +1.5000000000E+00                         
   73 +9.8989898990E-01                                     +1.0000000000E-01                        +1.5000000000E+00                         
   74 +9.9797979798E-01                                     +1.0000000000E-01                        +1.5000000000E+00                         
   75 +1.0060606061E+00                                     +1.0000000000E-01                        +1.5000000000E+00                         
   76 +1.0141414141E+00                                     +1.0000000000E-01                        +1.5000000000E+00                         
   77 +1.0222222222E+00                                     +1.0000000000E-01                        +1.5000000000E+00                         
   78 +1.0303030303E+00                                     +1.0000000000E-01                        +1.5000000000E+00                         
   79 +1.0383838384E+00                                     +1.0000000000E-01                        +1.5000000000E+00                         
   80 +1.0464646465E+00                                     +1.0000000000E-01                        +1.5000000000E+00                         
   81 +1.0545454545E+00                                     +1.0000000000E-01                        +1.5000000000E+00                         
   82 +1.0626262626E+00                                     +1.0000000000E-01                        +1.5000000000E+00                         
   83 +1.0707070707E+00                                     +1.0000000000E-01                        +1.5000000000E+00                         
   84 +1.0787878788E+00                                     +1.0000000000E-01                        +1.5000000000E+00                         
   85 +1.0868686869E+00                                     +1.0000000000E-01                        +1.5000000000E+00                         
   86 +1.0949494949E+00                                     +1.0000000000E-01                        +1.5000000000E+00                         
   87 +1.1030303030E+00                                     +1.0000000000E-01                        +1.5000000000E+00                         
   88 +1.1111111111E+00                                     +1.0000000000E-01                        +1.5000000000E+00                         
   89 +1.1191919192E+00                                     +1.0000000000E-01                        +1.5000000000E+00                         
   90 +1.1272727273E+00                                     +1.0000000000E-01                        +1.5000000000E+00                         
   91 +1.1353535354E+00                                     +1.0000000000E-01                        +1.5000000000E+00                         
   92 +1.1434343434E+00                                     +1.0000000000E-01                        +1.5000000000E+00                         
   93 +1.1515151515E+00                                     +1.0000000000E-01                        +1.5000000000E+00                         
   94 +1.1595959596E+00                                     +1.0000000000E-01                        +1.5000000000E+00                         
   95 +1.1676767677E+00                                     +1.0000000000E-01                        +1.5000000000E+00                         
   96 +1.1757575758E+00                                     +1.0000000000E-01                        +1.5000000000E+00                         
   97 +1.1838383838E+00                                     +1.0000000000E-01                        +1.5000000000E+00                         
   98 +1.1919191919E+00                                     +1.0000000000E-01                        +1.5000000000E+00                         
   99 +1.2000000000E+00                                     +1.0000000000E-01                        +1.5000000000E+00                         
